{
  "/Users/mark/Repositories/schematic-capture-fe/src/shared/styles/normalize.js": {
    "path": "/Users/mark/Repositories/schematic-capture-fe/src/shared/styles/normalize.js",
    "statementMap": {},
    "fnMap": {},
    "branchMap": {},
    "s": {},
    "f": {},
    "b": {},
    "_coverageSchema": "1a1c01bbd47fc00a2c39e90264f33305004495a9",
    "hash": "67ea59f53df9c5478d8e75731d3db4cd00d88b07"
  },
  "/Users/mark/Repositories/schematic-capture-fe/src/shared/styles/index.js": {
    "path": "/Users/mark/Repositories/schematic-capture-fe/src/shared/styles/index.js",
    "statementMap": {
      "0": {
        "start": {
          "line": 4,
          "column": 21
        },
        "end": {
          "line": 46,
          "column": 1
        }
      },
      "1": {
        "start": {
          "line": 48,
          "column": 20
        },
        "end": {
          "line": 53,
          "column": 1
        }
      },
      "2": {
        "start": {
          "line": 52,
          "column": 16
        },
        "end": {
          "line": 52,
          "column": 40
        }
      },
      "3": {
        "start": {
          "line": 55,
          "column": 21
        },
        "end": {
          "line": 57,
          "column": 1
        }
      },
      "4": {
        "start": {
          "line": 59,
          "column": 28
        },
        "end": {
          "line": 61,
          "column": 1
        }
      },
      "5": {
        "start": {
          "line": 63,
          "column": 21
        },
        "end": {
          "line": 105,
          "column": 1
        }
      },
      "6": {
        "start": {
          "line": 65,
          "column": 4
        },
        "end": {
          "line": 67,
          "column": 15
        }
      },
      "7": {
        "start": {
          "line": 69,
          "column": 4
        },
        "end": {
          "line": 71,
          "column": 15
        }
      },
      "8": {
        "start": {
          "line": 73,
          "column": 4
        },
        "end": {
          "line": 75,
          "column": 15
        }
      },
      "9": {
        "start": {
          "line": 87,
          "column": 41
        },
        "end": {
          "line": 97,
          "column": 3
        }
      },
      "10": {
        "start": {
          "line": 98,
          "column": 31
        },
        "end": {
          "line": 104,
          "column": 1
        }
      }
    },
    "fnMap": {
      "0": {
        "name": "(anonymous_0)",
        "decl": {
          "start": {
            "line": 52,
            "column": 8
          },
          "end": {
            "line": 52,
            "column": 9
          }
        },
        "loc": {
          "start": {
            "line": 52,
            "column": 16
          },
          "end": {
            "line": 52,
            "column": 40
          }
        },
        "line": 52
      },
      "1": {
        "name": "(anonymous_1)",
        "decl": {
          "start": {
            "line": 64,
            "column": 10
          },
          "end": {
            "line": 64,
            "column": 11
          }
        },
        "loc": {
          "start": {
            "line": 65,
            "column": 4
          },
          "end": {
            "line": 67,
            "column": 15
          }
        },
        "line": 65
      },
      "2": {
        "name": "(anonymous_2)",
        "decl": {
          "start": {
            "line": 68,
            "column": 11
          },
          "end": {
            "line": 68,
            "column": 12
          }
        },
        "loc": {
          "start": {
            "line": 69,
            "column": 4
          },
          "end": {
            "line": 71,
            "column": 15
          }
        },
        "line": 69
      },
      "3": {
        "name": "(anonymous_3)",
        "decl": {
          "start": {
            "line": 72,
            "column": 8
          },
          "end": {
            "line": 72,
            "column": 9
          }
        },
        "loc": {
          "start": {
            "line": 73,
            "column": 4
          },
          "end": {
            "line": 75,
            "column": 15
          }
        },
        "line": 73
      },
      "4": {
        "name": "(anonymous_4)",
        "decl": {
          "start": {
            "line": 87,
            "column": 8
          },
          "end": {
            "line": 87,
            "column": 9
          }
        },
        "loc": {
          "start": {
            "line": 87,
            "column": 41
          },
          "end": {
            "line": 97,
            "column": 3
          }
        },
        "line": 87
      },
      "5": {
        "name": "(anonymous_5)",
        "decl": {
          "start": {
            "line": 98,
            "column": 19
          },
          "end": {
            "line": 98,
            "column": 20
          }
        },
        "loc": {
          "start": {
            "line": 98,
            "column": 31
          },
          "end": {
            "line": 104,
            "column": 1
          }
        },
        "line": 98
      }
    },
    "branchMap": {
      "0": {
        "loc": {
          "start": {
            "line": 87,
            "column": 9
          },
          "end": {
            "line": 87,
            "column": 36
          }
        },
        "type": "default-arg",
        "locations": [
          {
            "start": {
              "line": 87,
              "column": 22
            },
            "end": {
              "line": 87,
              "column": 36
            }
          }
        ],
        "line": 87
      }
    },
    "s": {
      "0": 10,
      "1": 10,
      "2": 150,
      "3": 10,
      "4": 10,
      "5": 10,
      "6": 30,
      "7": 10,
      "8": 0,
      "9": 10,
      "10": 0
    },
    "f": {
      "0": 150,
      "1": 30,
      "2": 10,
      "3": 0,
      "4": 10,
      "5": 0
    },
    "b": {
      "0": [
        10
      ]
    },
    "_coverageSchema": "1a1c01bbd47fc00a2c39e90264f33305004495a9",
    "hash": "8e2aa833a9b3c28c7ad555011a0fee995d67153f"
  },
  "/Users/mark/Repositories/schematic-capture-fe/src/shared/styles/baseStyles.js": {
    "path": "/Users/mark/Repositories/schematic-capture-fe/src/shared/styles/baseStyles.js",
    "statementMap": {},
    "fnMap": {},
    "branchMap": {},
    "s": {},
    "f": {},
    "b": {},
    "_coverageSchema": "1a1c01bbd47fc00a2c39e90264f33305004495a9",
    "hash": "afa710cc63d8d9e3fb440fc59c680588531057a8"
  },
  "/Users/mark/Repositories/schematic-capture-fe/src/shared/components/Styles/BackToLink-Styles.js": {
    "path": "/Users/mark/Repositories/schematic-capture-fe/src/shared/components/Styles/BackToLink-Styles.js",
    "statementMap": {
      "0": {
        "start": {
          "line": 6,
          "column": 26
        },
        "end": {
          "line": 13,
          "column": 1
        }
      }
    },
    "fnMap": {},
    "branchMap": {},
    "s": {
      "0": 10
    },
    "f": {},
    "b": {},
    "_coverageSchema": "1a1c01bbd47fc00a2c39e90264f33305004495a9",
    "hash": "d626ef761af58a7d1bd08de57ab73f56d198b118"
  },
  "/Users/mark/Repositories/schematic-capture-fe/src/shared/assets/chevron-left-icon.js": {
    "path": "/Users/mark/Repositories/schematic-capture-fe/src/shared/assets/chevron-left-icon.js",
    "statementMap": {
      "0": {
        "start": {
          "line": 4,
          "column": 2
        },
        "end": {
          "line": 24,
          "column": 4
        }
      }
    },
    "fnMap": {
      "0": {
        "name": "(anonymous_0)",
        "decl": {
          "start": {
            "line": 3,
            "column": 15
          },
          "end": {
            "line": 3,
            "column": 16
          }
        },
        "loc": {
          "start": {
            "line": 3,
            "column": 21
          },
          "end": {
            "line": 25,
            "column": 1
          }
        },
        "line": 3
      }
    },
    "branchMap": {},
    "s": {
      "0": 0
    },
    "f": {
      "0": 0
    },
    "b": {},
    "_coverageSchema": "1a1c01bbd47fc00a2c39e90264f33305004495a9",
    "hash": "b5fc0a4b886bcd5136e296bdbab4b1eda049f622"
  },
  "/Users/mark/Repositories/schematic-capture-fe/src/shared/components/Components/BackToLink.js": {
    "path": "/Users/mark/Repositories/schematic-capture-fe/src/shared/components/Components/BackToLink.js",
    "statementMap": {
      "0": {
        "start": {
          "line": 7,
          "column": 19
        },
        "end": {
          "line": 12,
          "column": 1
        }
      },
      "1": {
        "start": {
          "line": 8,
          "column": 2
        },
        "end": {
          "line": 11,
          "column": 15
        }
      }
    },
    "fnMap": {
      "0": {
        "name": "(anonymous_0)",
        "decl": {
          "start": {
            "line": 7,
            "column": 19
          },
          "end": {
            "line": 7,
            "column": 20
          }
        },
        "loc": {
          "start": {
            "line": 8,
            "column": 2
          },
          "end": {
            "line": 11,
            "column": 15
          }
        },
        "line": 8
      }
    },
    "branchMap": {},
    "s": {
      "0": 10,
      "1": 0
    },
    "f": {
      "0": 0
    },
    "b": {},
    "_coverageSchema": "1a1c01bbd47fc00a2c39e90264f33305004495a9",
    "hash": "923f128a2eabe7ba36539f787770e490e7bcb0dd"
  },
  "/Users/mark/Repositories/schematic-capture-fe/src/shared/components/Styles/Button-Styles.js": {
    "path": "/Users/mark/Repositories/schematic-capture-fe/src/shared/components/Styles/Button-Styles.js",
    "statementMap": {
      "0": {
        "start": {
          "line": 6,
          "column": 27
        },
        "end": {
          "line": 60,
          "column": 1
        }
      },
      "1": {
        "start": {
          "line": 23,
          "column": 4
        },
        "end": {
          "line": 27,
          "column": 3
        }
      },
      "2": {
        "start": {
          "line": 30,
          "column": 4
        },
        "end": {
          "line": 30,
          "column": 69
        }
      },
      "3": {
        "start": {
          "line": 33,
          "column": 4
        },
        "end": {
          "line": 33,
          "column": 72
        }
      },
      "4": {
        "start": {
          "line": 36,
          "column": 4
        },
        "end": {
          "line": 36,
          "column": 71
        }
      },
      "5": {
        "start": {
          "line": 50,
          "column": 6
        },
        "end": {
          "line": 53,
          "column": 17
        }
      },
      "6": {
        "start": {
          "line": 55,
          "column": 6
        },
        "end": {
          "line": 58,
          "column": 17
        }
      },
      "7": {
        "start": {
          "line": 62,
          "column": 28
        },
        "end": {
          "line": 64,
          "column": 1
        }
      }
    },
    "fnMap": {
      "0": {
        "name": "(anonymous_0)",
        "decl": {
          "start": {
            "line": 22,
            "column": 4
          },
          "end": {
            "line": 22,
            "column": 5
          }
        },
        "loc": {
          "start": {
            "line": 23,
            "column": 4
          },
          "end": {
            "line": 27,
            "column": 3
          }
        },
        "line": 23
      },
      "1": {
        "name": "(anonymous_1)",
        "decl": {
          "start": {
            "line": 29,
            "column": 22
          },
          "end": {
            "line": 29,
            "column": 23
          }
        },
        "loc": {
          "start": {
            "line": 30,
            "column": 4
          },
          "end": {
            "line": 30,
            "column": 69
          }
        },
        "line": 30
      },
      "2": {
        "name": "(anonymous_2)",
        "decl": {
          "start": {
            "line": 32,
            "column": 11
          },
          "end": {
            "line": 32,
            "column": 12
          }
        },
        "loc": {
          "start": {
            "line": 33,
            "column": 4
          },
          "end": {
            "line": 33,
            "column": 72
          }
        },
        "line": 33
      },
      "3": {
        "name": "(anonymous_3)",
        "decl": {
          "start": {
            "line": 35,
            "column": 18
          },
          "end": {
            "line": 35,
            "column": 19
          }
        },
        "loc": {
          "start": {
            "line": 36,
            "column": 4
          },
          "end": {
            "line": 36,
            "column": 71
          }
        },
        "line": 36
      },
      "4": {
        "name": "(anonymous_4)",
        "decl": {
          "start": {
            "line": 49,
            "column": 24
          },
          "end": {
            "line": 49,
            "column": 25
          }
        },
        "loc": {
          "start": {
            "line": 50,
            "column": 6
          },
          "end": {
            "line": 53,
            "column": 17
          }
        },
        "line": 50
      },
      "5": {
        "name": "(anonymous_5)",
        "decl": {
          "start": {
            "line": 54,
            "column": 20
          },
          "end": {
            "line": 54,
            "column": 21
          }
        },
        "loc": {
          "start": {
            "line": 55,
            "column": 6
          },
          "end": {
            "line": 58,
            "column": 17
          }
        },
        "line": 55
      }
    },
    "branchMap": {
      "0": {
        "loc": {
          "start": {
            "line": 23,
            "column": 4
          },
          "end": {
            "line": 27,
            "column": 3
          }
        },
        "type": "binary-expr",
        "locations": [
          {
            "start": {
              "line": 23,
              "column": 4
            },
            "end": {
              "line": 23,
              "column": 18
            }
          },
          {
            "start": {
              "line": 24,
              "column": 4
            },
            "end": {
              "line": 27,
              "column": 3
            }
          }
        ],
        "line": 23
      },
      "1": {
        "loc": {
          "start": {
            "line": 30,
            "column": 4
          },
          "end": {
            "line": 30,
            "column": 69
          }
        },
        "type": "cond-expr",
        "locations": [
          {
            "start": {
              "line": 30,
              "column": 40
            },
            "end": {
              "line": 30,
              "column": 53
            }
          },
          {
            "start": {
              "line": 30,
              "column": 56
            },
            "end": {
              "line": 30,
              "column": 69
            }
          }
        ],
        "line": 30
      },
      "2": {
        "loc": {
          "start": {
            "line": 30,
            "column": 4
          },
          "end": {
            "line": 30,
            "column": 37
          }
        },
        "type": "binary-expr",
        "locations": [
          {
            "start": {
              "line": 30,
              "column": 4
            },
            "end": {
              "line": 30,
              "column": 12
            }
          },
          {
            "start": {
              "line": 30,
              "column": 16
            },
            "end": {
              "line": 30,
              "column": 37
            }
          }
        ],
        "line": 30
      },
      "3": {
        "loc": {
          "start": {
            "line": 33,
            "column": 4
          },
          "end": {
            "line": 33,
            "column": 72
          }
        },
        "type": "cond-expr",
        "locations": [
          {
            "start": {
              "line": 33,
              "column": 40
            },
            "end": {
              "line": 33,
              "column": 55
            }
          },
          {
            "start": {
              "line": 33,
              "column": 58
            },
            "end": {
              "line": 33,
              "column": 72
            }
          }
        ],
        "line": 33
      },
      "4": {
        "loc": {
          "start": {
            "line": 33,
            "column": 4
          },
          "end": {
            "line": 33,
            "column": 37
          }
        },
        "type": "binary-expr",
        "locations": [
          {
            "start": {
              "line": 33,
              "column": 4
            },
            "end": {
              "line": 33,
              "column": 12
            }
          },
          {
            "start": {
              "line": 33,
              "column": 16
            },
            "end": {
              "line": 33,
              "column": 37
            }
          }
        ],
        "line": 33
      },
      "5": {
        "loc": {
          "start": {
            "line": 36,
            "column": 4
          },
          "end": {
            "line": 36,
            "column": 71
          }
        },
        "type": "cond-expr",
        "locations": [
          {
            "start": {
              "line": 36,
              "column": 40
            },
            "end": {
              "line": 36,
              "column": 53
            }
          },
          {
            "start": {
              "line": 36,
              "column": 56
            },
            "end": {
              "line": 36,
              "column": 71
            }
          }
        ],
        "line": 36
      },
      "6": {
        "loc": {
          "start": {
            "line": 36,
            "column": 4
          },
          "end": {
            "line": 36,
            "column": 37
          }
        },
        "type": "binary-expr",
        "locations": [
          {
            "start": {
              "line": 36,
              "column": 4
            },
            "end": {
              "line": 36,
              "column": 12
            }
          },
          {
            "start": {
              "line": 36,
              "column": 16
            },
            "end": {
              "line": 36,
              "column": 37
            }
          }
        ],
        "line": 36
      },
      "7": {
        "loc": {
          "start": {
            "line": 50,
            "column": 6
          },
          "end": {
            "line": 53,
            "column": 17
          }
        },
        "type": "binary-expr",
        "locations": [
          {
            "start": {
              "line": 50,
              "column": 6
            },
            "end": {
              "line": 50,
              "column": 27
            }
          },
          {
            "start": {
              "line": 51,
              "column": 6
            },
            "end": {
              "line": 53,
              "column": 17
            }
          }
        ],
        "line": 50
      },
      "8": {
        "loc": {
          "start": {
            "line": 55,
            "column": 6
          },
          "end": {
            "line": 58,
            "column": 17
          }
        },
        "type": "binary-expr",
        "locations": [
          {
            "start": {
              "line": 55,
              "column": 6
            },
            "end": {
              "line": 55,
              "column": 29
            }
          },
          {
            "start": {
              "line": 56,
              "column": 6
            },
            "end": {
              "line": 58,
              "column": 17
            }
          }
        ],
        "line": 55
      }
    },
    "s": {
      "0": 10,
      "1": 3,
      "2": 3,
      "3": 3,
      "4": 3,
      "5": 3,
      "6": 3,
      "7": 10
    },
    "f": {
      "0": 3,
      "1": 3,
      "2": 3,
      "3": 3,
      "4": 3,
      "5": 3
    },
    "b": {
      "0": [
        3,
        0
      ],
      "1": [
        3,
        0
      ],
      "2": [
        3,
        3
      ],
      "3": [
        3,
        0
      ],
      "4": [
        3,
        3
      ],
      "5": [
        3,
        0
      ],
      "6": [
        3,
        3
      ],
      "7": [
        3,
        3
      ],
      "8": [
        3,
        0
      ]
    },
    "_coverageSchema": "1a1c01bbd47fc00a2c39e90264f33305004495a9",
    "hash": "18a4827e74a07936a5dbb9946af785ff51da9dd6"
  },
  "/Users/mark/Repositories/schematic-capture-fe/src/shared/components/Components/Button.js": {
    "path": "/Users/mark/Repositories/schematic-capture-fe/src/shared/components/Components/Button.js",
    "statementMap": {
      "0": {
        "start": {
          "line": 5,
          "column": 15
        },
        "end": {
          "line": 7,
          "column": 1
        }
      },
      "1": {
        "start": {
          "line": 6,
          "column": 2
        },
        "end": {
          "line": 6,
          "column": 55
        }
      }
    },
    "fnMap": {
      "0": {
        "name": "(anonymous_0)",
        "decl": {
          "start": {
            "line": 5,
            "column": 15
          },
          "end": {
            "line": 5,
            "column": 16
          }
        },
        "loc": {
          "start": {
            "line": 5,
            "column": 38
          },
          "end": {
            "line": 7,
            "column": 1
          }
        },
        "line": 5
      }
    },
    "branchMap": {},
    "s": {
      "0": 10,
      "1": 0
    },
    "f": {
      "0": 0
    },
    "b": {},
    "_coverageSchema": "1a1c01bbd47fc00a2c39e90264f33305004495a9",
    "hash": "26b290c03435aefb5baf44991d640a351140c55b"
  },
  "/Users/mark/Repositories/schematic-capture-fe/src/shared/components/Components/Fields.js": {
    "path": "/Users/mark/Repositories/schematic-capture-fe/src/shared/components/Components/Fields.js",
    "statementMap": {
      "0": {
        "start": {
          "line": 6,
          "column": 15
        },
        "end": {
          "line": 44,
          "column": 1
        }
      },
      "1": {
        "start": {
          "line": 7,
          "column": 39
        },
        "end": {
          "line": 7,
          "column": 44
        }
      },
      "2": {
        "start": {
          "line": 8,
          "column": 2
        },
        "end": {
          "line": 43,
          "column": 4
        }
      },
      "3": {
        "start": {
          "line": 11,
          "column": 60
        },
        "end": {
          "line": 11,
          "column": 70
        }
      },
      "4": {
        "start": {
          "line": 12,
          "column": 8
        },
        "end": {
          "line": 40,
          "column": 9
        }
      },
      "5": {
        "start": {
          "line": 14,
          "column": 12
        },
        "end": {
          "line": 25,
          "column": 14
        }
      },
      "6": {
        "start": {
          "line": 18,
          "column": 20
        },
        "end": {
          "line": 20,
          "column": 29
        }
      },
      "7": {
        "start": {
          "line": 27,
          "column": 12
        },
        "end": {
          "line": 32,
          "column": 14
        }
      },
      "8": {
        "start": {
          "line": 34,
          "column": 12
        },
        "end": {
          "line": 39,
          "column": 14
        }
      }
    },
    "fnMap": {
      "0": {
        "name": "(anonymous_0)",
        "decl": {
          "start": {
            "line": 6,
            "column": 15
          },
          "end": {
            "line": 6,
            "column": 16
          }
        },
        "loc": {
          "start": {
            "line": 6,
            "column": 24
          },
          "end": {
            "line": 44,
            "column": 1
          }
        },
        "line": 6
      },
      "1": {
        "name": "(anonymous_1)",
        "decl": {
          "start": {
            "line": 10,
            "column": 18
          },
          "end": {
            "line": 10,
            "column": 19
          }
        },
        "loc": {
          "start": {
            "line": 10,
            "column": 37
          },
          "end": {
            "line": 41,
            "column": 7
          }
        },
        "line": 10
      },
      "2": {
        "name": "(anonymous_2)",
        "decl": {
          "start": {
            "line": 17,
            "column": 31
          },
          "end": {
            "line": 17,
            "column": 32
          }
        },
        "loc": {
          "start": {
            "line": 18,
            "column": 20
          },
          "end": {
            "line": 20,
            "column": 29
          }
        },
        "line": 18
      }
    },
    "branchMap": {
      "0": {
        "loc": {
          "start": {
            "line": 12,
            "column": 8
          },
          "end": {
            "line": 40,
            "column": 9
          }
        },
        "type": "switch",
        "locations": [
          {
            "start": {
              "line": 13,
              "column": 10
            },
            "end": {
              "line": 25,
              "column": 14
            }
          },
          {
            "start": {
              "line": 26,
              "column": 10
            },
            "end": {
              "line": 32,
              "column": 14
            }
          },
          {
            "start": {
              "line": 33,
              "column": 10
            },
            "end": {
              "line": 39,
              "column": 14
            }
          }
        ],
        "line": 12
      },
      "1": {
        "loc": {
          "start": {
            "line": 23,
            "column": 17
          },
          "end": {
            "line": 23,
            "column": 75
          }
        },
        "type": "binary-expr",
        "locations": [
          {
            "start": {
              "line": 23,
              "column": 17
            },
            "end": {
              "line": 23,
              "column": 40
            }
          },
          {
            "start": {
              "line": 23,
              "column": 44
            },
            "end": {
              "line": 23,
              "column": 75
            }
          }
        ],
        "line": 23
      },
      "2": {
        "loc": {
          "start": {
            "line": 30,
            "column": 17
          },
          "end": {
            "line": 30,
            "column": 75
          }
        },
        "type": "binary-expr",
        "locations": [
          {
            "start": {
              "line": 30,
              "column": 17
            },
            "end": {
              "line": 30,
              "column": 40
            }
          },
          {
            "start": {
              "line": 30,
              "column": 44
            },
            "end": {
              "line": 30,
              "column": 75
            }
          }
        ],
        "line": 30
      },
      "3": {
        "loc": {
          "start": {
            "line": 37,
            "column": 17
          },
          "end": {
            "line": 37,
            "column": 75
          }
        },
        "type": "binary-expr",
        "locations": [
          {
            "start": {
              "line": 37,
              "column": 17
            },
            "end": {
              "line": 37,
              "column": 40
            }
          },
          {
            "start": {
              "line": 37,
              "column": 44
            },
            "end": {
              "line": 37,
              "column": 75
            }
          }
        ],
        "line": 37
      }
    },
    "s": {
      "0": 10,
      "1": 0,
      "2": 0,
      "3": 0,
      "4": 0,
      "5": 0,
      "6": 0,
      "7": 0,
      "8": 0
    },
    "f": {
      "0": 0,
      "1": 0,
      "2": 0
    },
    "b": {
      "0": [
        0,
        0,
        0
      ],
      "1": [
        0,
        0
      ],
      "2": [
        0,
        0
      ],
      "3": [
        0,
        0
      ]
    },
    "_coverageSchema": "1a1c01bbd47fc00a2c39e90264f33305004495a9",
    "hash": "e5dbcc84057dbf16eb70282f276a75306f31afc6"
  },
  "/Users/mark/Repositories/schematic-capture-fe/src/shared/components/Components/Form.js": {
    "path": "/Users/mark/Repositories/schematic-capture-fe/src/shared/components/Components/Form.js",
    "statementMap": {
      "0": {
        "start": {
          "line": 7,
          "column": 13
        },
        "end": {
          "line": 48,
          "column": 1
        }
      },
      "1": {
        "start": {
          "line": 8,
          "column": 52
        },
        "end": {
          "line": 8,
          "column": 57
        }
      },
      "2": {
        "start": {
          "line": 9,
          "column": 45
        },
        "end": {
          "line": 9,
          "column": 54
        }
      },
      "3": {
        "start": {
          "line": 11,
          "column": 2
        },
        "end": {
          "line": 47,
          "column": 4
        }
      },
      "4": {
        "start": {
          "line": 14,
          "column": 53
        },
        "end": {
          "line": 14,
          "column": 63
        }
      },
      "5": {
        "start": {
          "line": 15,
          "column": 8
        },
        "end": {
          "line": 43,
          "column": 9
        }
      },
      "6": {
        "start": {
          "line": 17,
          "column": 12
        },
        "end": {
          "line": 28,
          "column": 14
        }
      },
      "7": {
        "start": {
          "line": 21,
          "column": 20
        },
        "end": {
          "line": 23,
          "column": 29
        }
      },
      "8": {
        "start": {
          "line": 30,
          "column": 12
        },
        "end": {
          "line": 35,
          "column": 14
        }
      },
      "9": {
        "start": {
          "line": 37,
          "column": 12
        },
        "end": {
          "line": 42,
          "column": 14
        }
      }
    },
    "fnMap": {
      "0": {
        "name": "(anonymous_0)",
        "decl": {
          "start": {
            "line": 7,
            "column": 13
          },
          "end": {
            "line": 7,
            "column": 14
          }
        },
        "loc": {
          "start": {
            "line": 7,
            "column": 22
          },
          "end": {
            "line": 48,
            "column": 1
          }
        },
        "line": 7
      },
      "1": {
        "name": "(anonymous_1)",
        "decl": {
          "start": {
            "line": 13,
            "column": 18
          },
          "end": {
            "line": 13,
            "column": 19
          }
        },
        "loc": {
          "start": {
            "line": 13,
            "column": 37
          },
          "end": {
            "line": 44,
            "column": 7
          }
        },
        "line": 13
      },
      "2": {
        "name": "(anonymous_2)",
        "decl": {
          "start": {
            "line": 20,
            "column": 31
          },
          "end": {
            "line": 20,
            "column": 32
          }
        },
        "loc": {
          "start": {
            "line": 21,
            "column": 20
          },
          "end": {
            "line": 23,
            "column": 29
          }
        },
        "line": 21
      }
    },
    "branchMap": {
      "0": {
        "loc": {
          "start": {
            "line": 15,
            "column": 8
          },
          "end": {
            "line": 43,
            "column": 9
          }
        },
        "type": "switch",
        "locations": [
          {
            "start": {
              "line": 16,
              "column": 10
            },
            "end": {
              "line": 28,
              "column": 14
            }
          },
          {
            "start": {
              "line": 29,
              "column": 10
            },
            "end": {
              "line": 35,
              "column": 14
            }
          },
          {
            "start": {
              "line": 36,
              "column": 10
            },
            "end": {
              "line": 42,
              "column": 14
            }
          }
        ],
        "line": 15
      },
      "1": {
        "loc": {
          "start": {
            "line": 26,
            "column": 17
          },
          "end": {
            "line": 26,
            "column": 75
          }
        },
        "type": "binary-expr",
        "locations": [
          {
            "start": {
              "line": 26,
              "column": 17
            },
            "end": {
              "line": 26,
              "column": 40
            }
          },
          {
            "start": {
              "line": 26,
              "column": 44
            },
            "end": {
              "line": 26,
              "column": 75
            }
          }
        ],
        "line": 26
      },
      "2": {
        "loc": {
          "start": {
            "line": 33,
            "column": 17
          },
          "end": {
            "line": 33,
            "column": 75
          }
        },
        "type": "binary-expr",
        "locations": [
          {
            "start": {
              "line": 33,
              "column": 17
            },
            "end": {
              "line": 33,
              "column": 40
            }
          },
          {
            "start": {
              "line": 33,
              "column": 44
            },
            "end": {
              "line": 33,
              "column": 75
            }
          }
        ],
        "line": 33
      },
      "3": {
        "loc": {
          "start": {
            "line": 40,
            "column": 17
          },
          "end": {
            "line": 40,
            "column": 75
          }
        },
        "type": "binary-expr",
        "locations": [
          {
            "start": {
              "line": 40,
              "column": 17
            },
            "end": {
              "line": 40,
              "column": 40
            }
          },
          {
            "start": {
              "line": 40,
              "column": 44
            },
            "end": {
              "line": 40,
              "column": 75
            }
          }
        ],
        "line": 40
      }
    },
    "s": {
      "0": 10,
      "1": 0,
      "2": 0,
      "3": 0,
      "4": 0,
      "5": 0,
      "6": 0,
      "7": 0,
      "8": 0,
      "9": 0
    },
    "f": {
      "0": 0,
      "1": 0,
      "2": 0
    },
    "b": {
      "0": [
        0,
        0,
        0
      ],
      "1": [
        0,
        0
      ],
      "2": [
        0,
        0
      ],
      "3": [
        0,
        0
      ]
    },
    "_coverageSchema": "1a1c01bbd47fc00a2c39e90264f33305004495a9",
    "hash": "6dceda8eb92d983d0b7e05da8e9e7cf2cb9fbb76"
  },
  "/Users/mark/Repositories/schematic-capture-fe/src/shared/components/Styles/Input-Styles.js": {
    "path": "/Users/mark/Repositories/schematic-capture-fe/src/shared/components/Styles/Input-Styles.js",
    "statementMap": {
      "0": {
        "start": {
          "line": 5,
          "column": 27
        },
        "end": {
          "line": 5,
          "column": 39
        }
      },
      "1": {
        "start": {
          "line": 7,
          "column": 26
        },
        "end": {
          "line": 7,
          "column": 36
        }
      },
      "2": {
        "start": {
          "line": 9,
          "column": 26
        },
        "end": {
          "line": 28,
          "column": 1
        }
      }
    },
    "fnMap": {},
    "branchMap": {},
    "s": {
      "0": 10,
      "1": 10,
      "2": 10
    },
    "f": {},
    "b": {},
    "_coverageSchema": "1a1c01bbd47fc00a2c39e90264f33305004495a9",
    "hash": "6a41ff546919d51f09bc6ae8e92f8a2edea3da57"
  },
  "/Users/mark/Repositories/schematic-capture-fe/src/shared/components/Components/Input.js": {
    "path": "/Users/mark/Repositories/schematic-capture-fe/src/shared/components/Components/Input.js",
    "statementMap": {
      "0": {
        "start": {
          "line": 5,
          "column": 14
        },
        "end": {
          "line": 14,
          "column": 2
        }
      },
      "1": {
        "start": {
          "line": 6,
          "column": 39
        },
        "end": {
          "line": 6,
          "column": 44
        }
      },
      "2": {
        "start": {
          "line": 8,
          "column": 2
        },
        "end": {
          "line": 13,
          "column": 4
        }
      }
    },
    "fnMap": {
      "0": {
        "name": "(anonymous_0)",
        "decl": {
          "start": {
            "line": 5,
            "column": 25
          },
          "end": {
            "line": 5,
            "column": 26
          }
        },
        "loc": {
          "start": {
            "line": 5,
            "column": 41
          },
          "end": {
            "line": 14,
            "column": 1
          }
        },
        "line": 5
      }
    },
    "branchMap": {
      "0": {
        "loc": {
          "start": {
            "line": 10,
            "column": 7
          },
          "end": {
            "line": 10,
            "column": 51
          }
        },
        "type": "binary-expr",
        "locations": [
          {
            "start": {
              "line": 10,
              "column": 7
            },
            "end": {
              "line": 10,
              "column": 11
            }
          },
          {
            "start": {
              "line": 10,
              "column": 15
            },
            "end": {
              "line": 10,
              "column": 51
            }
          }
        ],
        "line": 10
      }
    },
    "s": {
      "0": 10,
      "1": 0,
      "2": 0
    },
    "f": {
      "0": 0
    },
    "b": {
      "0": [
        0,
        0
      ]
    },
    "_coverageSchema": "1a1c01bbd47fc00a2c39e90264f33305004495a9",
    "hash": "a5b991f60cc2fa13068894f63cfc94d13bd1d4c8"
  },
  "/Users/mark/Repositories/schematic-capture-fe/src/shared/components/Styles/Navbar-Styles.js": {
    "path": "/Users/mark/Repositories/schematic-capture-fe/src/shared/components/Styles/Navbar-Styles.js",
    "statementMap": {
      "0": {
        "start": {
          "line": 6,
          "column": 26
        },
        "end": {
          "line": 22,
          "column": 1
        }
      },
      "1": {
        "start": {
          "line": 24,
          "column": 22
        },
        "end": {
          "line": 29,
          "column": 1
        }
      },
      "2": {
        "start": {
          "line": 31,
          "column": 20
        },
        "end": {
          "line": 47,
          "column": 1
        }
      },
      "3": {
        "start": {
          "line": 49,
          "column": 20
        },
        "end": {
          "line": 53,
          "column": 1
        }
      },
      "4": {
        "start": {
          "line": 51,
          "column": 24
        },
        "end": {
          "line": 51,
          "column": 41
        }
      },
      "5": {
        "start": {
          "line": 55,
          "column": 24
        },
        "end": {
          "line": 68,
          "column": 2
        }
      }
    },
    "fnMap": {
      "0": {
        "name": "(anonymous_0)",
        "decl": {
          "start": {
            "line": 51,
            "column": 15
          },
          "end": {
            "line": 51,
            "column": 16
          }
        },
        "loc": {
          "start": {
            "line": 51,
            "column": 24
          },
          "end": {
            "line": 51,
            "column": 41
          }
        },
        "line": 51
      }
    },
    "branchMap": {},
    "s": {
      "0": 10,
      "1": 10,
      "2": 10,
      "3": 10,
      "4": 12,
      "5": 10
    },
    "f": {
      "0": 12
    },
    "b": {},
    "_coverageSchema": "1a1c01bbd47fc00a2c39e90264f33305004495a9",
    "hash": "03c441882c5d0068fa3a430553ff67a4f74bcc2f"
  },
  "/Users/mark/Repositories/schematic-capture-fe/src/shared/components/Components/Navbar.js": {
    "path": "/Users/mark/Repositories/schematic-capture-fe/src/shared/components/Components/Navbar.js",
    "statementMap": {
      "0": {
        "start": {
          "line": 6,
          "column": 15
        },
        "end": {
          "line": 38,
          "column": 1
        }
      },
      "1": {
        "start": {
          "line": 7,
          "column": 19
        },
        "end": {
          "line": 15,
          "column": 3
        }
      },
      "2": {
        "start": {
          "line": 8,
          "column": 4
        },
        "end": {
          "line": 8,
          "column": 39
        }
      },
      "3": {
        "start": {
          "line": 9,
          "column": 4
        },
        "end": {
          "line": 9,
          "column": 36
        }
      },
      "4": {
        "start": {
          "line": 10,
          "column": 4
        },
        "end": {
          "line": 10,
          "column": 37
        }
      },
      "5": {
        "start": {
          "line": 11,
          "column": 4
        },
        "end": {
          "line": 14,
          "column": 7
        }
      },
      "6": {
        "start": {
          "line": 16,
          "column": 2
        },
        "end": {
          "line": 37,
          "column": 4
        }
      }
    },
    "fnMap": {
      "0": {
        "name": "(anonymous_0)",
        "decl": {
          "start": {
            "line": 6,
            "column": 15
          },
          "end": {
            "line": 6,
            "column": 16
          }
        },
        "loc": {
          "start": {
            "line": 6,
            "column": 21
          },
          "end": {
            "line": 38,
            "column": 1
          }
        },
        "line": 6
      },
      "1": {
        "name": "(anonymous_1)",
        "decl": {
          "start": {
            "line": 7,
            "column": 19
          },
          "end": {
            "line": 7,
            "column": 20
          }
        },
        "loc": {
          "start": {
            "line": 7,
            "column": 25
          },
          "end": {
            "line": 15,
            "column": 3
          }
        },
        "line": 7
      }
    },
    "branchMap": {},
    "s": {
      "0": 10,
      "1": 3,
      "2": 0,
      "3": 0,
      "4": 0,
      "5": 0,
      "6": 3
    },
    "f": {
      "0": 3,
      "1": 0
    },
    "b": {},
    "_coverageSchema": "1a1c01bbd47fc00a2c39e90264f33305004495a9",
    "hash": "7327892fea920d2796dfdb8525738c5eecb29652"
  },
  "/Users/mark/Repositories/schematic-capture-fe/src/shared/components/Styles/PageError-Styles.js": {
    "path": "/Users/mark/Repositories/schematic-capture-fe/src/shared/components/Styles/PageError-Styles.js",
    "statementMap": {
      "0": {
        "start": {
          "line": 5,
          "column": 25
        },
        "end": {
          "line": 8,
          "column": 1
        }
      },
      "1": {
        "start": {
          "line": 10,
          "column": 30
        },
        "end": {
          "line": 13,
          "column": 1
        }
      },
      "2": {
        "start": {
          "line": 15,
          "column": 21
        },
        "end": {
          "line": 17,
          "column": 1
        }
      }
    },
    "fnMap": {},
    "branchMap": {},
    "s": {
      "0": 10,
      "1": 10,
      "2": 10
    },
    "f": {},
    "b": {},
    "_coverageSchema": "1a1c01bbd47fc00a2c39e90264f33305004495a9",
    "hash": "dc236837bcc3264396c5b1adb2f2ba467ee77540"
  },
  "/Users/mark/Repositories/schematic-capture-fe/src/shared/components/Components/PageError.js": {
    "path": "/Users/mark/Repositories/schematic-capture-fe/src/shared/components/Components/PageError.js",
    "statementMap": {
      "0": {
        "start": {
          "line": 5,
          "column": 18
        },
        "end": {
          "line": 12,
          "column": 1
        }
      },
      "1": {
        "start": {
          "line": 6,
          "column": 2
        },
        "end": {
          "line": 11,
          "column": 14
        }
      }
    },
    "fnMap": {
      "0": {
        "name": "(anonymous_0)",
        "decl": {
          "start": {
            "line": 5,
            "column": 18
          },
          "end": {
            "line": 5,
            "column": 19
          }
        },
        "loc": {
          "start": {
            "line": 6,
            "column": 2
          },
          "end": {
            "line": 11,
            "column": 14
          }
        },
        "line": 6
      }
    },
    "branchMap": {},
    "s": {
      "0": 10,
      "1": 0
    },
    "f": {
      "0": 0
    },
    "b": {},
    "_coverageSchema": "1a1c01bbd47fc00a2c39e90264f33305004495a9",
    "hash": "6d84f0491f5ae37bad54736b3d0068d297330c4e"
  },
  "/Users/mark/Repositories/schematic-capture-fe/src/shared/components/Components/Spinner.js": {
    "path": "/Users/mark/Repositories/schematic-capture-fe/src/shared/components/Components/Spinner.js",
    "statementMap": {
      "0": {
        "start": {
          "line": 3,
          "column": 16
        },
        "end": {
          "line": 83,
          "column": 1
        }
      },
      "1": {
        "start": {
          "line": 4,
          "column": 2
        },
        "end": {
          "line": 82,
          "column": 9
        }
      }
    },
    "fnMap": {
      "0": {
        "name": "(anonymous_0)",
        "decl": {
          "start": {
            "line": 3,
            "column": 16
          },
          "end": {
            "line": 3,
            "column": 17
          }
        },
        "loc": {
          "start": {
            "line": 4,
            "column": 2
          },
          "end": {
            "line": 82,
            "column": 9
          }
        },
        "line": 4
      }
    },
    "branchMap": {},
    "s": {
      "0": 10,
      "1": 4
    },
    "f": {
      "0": 4
    },
    "b": {},
    "_coverageSchema": "1a1c01bbd47fc00a2c39e90264f33305004495a9",
    "hash": "d1a22b3023c28b9cc1f189c5f8393b9c9a3960fc"
  },
  "/Users/mark/Repositories/schematic-capture-fe/src/shared/components/Styles/PageLoader-Styles.js": {
    "path": "/Users/mark/Repositories/schematic-capture-fe/src/shared/components/Styles/PageLoader-Styles.js",
    "statementMap": {},
    "fnMap": {},
    "branchMap": {},
    "s": {},
    "f": {},
    "b": {},
    "_coverageSchema": "1a1c01bbd47fc00a2c39e90264f33305004495a9",
    "hash": "e6333cc6a639941ea1594b8d14f051ec6abcf480"
  },
  "/Users/mark/Repositories/schematic-capture-fe/src/shared/components/Components/PageLoader.js": {
    "path": "/Users/mark/Repositories/schematic-capture-fe/src/shared/components/Components/PageLoader.js",
    "statementMap": {
      "0": {
        "start": {
          "line": 7,
          "column": 19
        },
        "end": {
          "line": 11,
          "column": 1
        }
      },
      "1": {
        "start": {
          "line": 8,
          "column": 2
        },
        "end": {
          "line": 10,
          "column": 21
        }
      }
    },
    "fnMap": {
      "0": {
        "name": "(anonymous_0)",
        "decl": {
          "start": {
            "line": 7,
            "column": 19
          },
          "end": {
            "line": 7,
            "column": 20
          }
        },
        "loc": {
          "start": {
            "line": 8,
            "column": 2
          },
          "end": {
            "line": 10,
            "column": 21
          }
        },
        "line": 8
      }
    },
    "branchMap": {},
    "s": {
      "0": 10,
      "1": 4
    },
    "f": {
      "0": 4
    },
    "b": {},
    "_coverageSchema": "1a1c01bbd47fc00a2c39e90264f33305004495a9",
    "hash": "8d6f43d53cad1c6dfb586e8411451acbc425c3b2"
  },
  "/Users/mark/Repositories/schematic-capture-fe/src/shared/components/Styles/TextArea-Styles.js": {
    "path": "/Users/mark/Repositories/schematic-capture-fe/src/shared/components/Styles/TextArea-Styles.js",
    "statementMap": {
      "0": {
        "start": {
          "line": 4,
          "column": 30
        },
        "end": {
          "line": 4,
          "column": 56
        }
      }
    },
    "fnMap": {},
    "branchMap": {},
    "s": {
      "0": 10
    },
    "f": {},
    "b": {},
    "_coverageSchema": "1a1c01bbd47fc00a2c39e90264f33305004495a9",
    "hash": "b88ace7bb070f0da9e94010cfbb89cd747362a39"
  },
  "/Users/mark/Repositories/schematic-capture-fe/src/shared/components/Components/TextArea.js": {
    "path": "/Users/mark/Repositories/schematic-capture-fe/src/shared/components/Components/TextArea.js",
    "statementMap": {
      "0": {
        "start": {
          "line": 4,
          "column": 17
        },
        "end": {
          "line": 7,
          "column": 2
        }
      },
      "1": {
        "start": {
          "line": 5,
          "column": 2
        },
        "end": {
          "line": 5,
          "column": 21
        }
      },
      "2": {
        "start": {
          "line": 6,
          "column": 2
        },
        "end": {
          "line": 6,
          "column": 54
        }
      }
    },
    "fnMap": {
      "0": {
        "name": "(anonymous_0)",
        "decl": {
          "start": {
            "line": 4,
            "column": 28
          },
          "end": {
            "line": 4,
            "column": 29
          }
        },
        "loc": {
          "start": {
            "line": 4,
            "column": 44
          },
          "end": {
            "line": 7,
            "column": 1
          }
        },
        "line": 4
      }
    },
    "branchMap": {},
    "s": {
      "0": 10,
      "1": 0,
      "2": 0
    },
    "f": {
      "0": 0
    },
    "b": {},
    "_coverageSchema": "1a1c01bbd47fc00a2c39e90264f33305004495a9",
    "hash": "19e62be2435f7590a9a4ba5af95aef8603ddc5ad"
  },
  "/Users/mark/Repositories/schematic-capture-fe/src/shared/components/index.js": {
    "path": "/Users/mark/Repositories/schematic-capture-fe/src/shared/components/index.js",
    "statementMap": {},
    "fnMap": {},
    "branchMap": {},
    "s": {},
    "f": {},
    "b": {},
    "_coverageSchema": "1a1c01bbd47fc00a2c39e90264f33305004495a9",
    "hash": "c0ae1d49d11aeedafd67d9bfd31a45118e896a47"
  },
  "/Users/mark/Repositories/schematic-capture-fe/src/shared/actions/appActions.js": {
    "path": "/Users/mark/Repositories/schematic-capture-fe/src/shared/actions/appActions.js",
    "statementMap": {
      "0": {
        "start": {
          "line": 1,
          "column": 20
        },
        "end": {
          "line": 1,
          "column": 33
        }
      },
      "1": {
        "start": {
          "line": 2,
          "column": 25
        },
        "end": {
          "line": 2,
          "column": 43
        }
      },
      "2": {
        "start": {
          "line": 3,
          "column": 18
        },
        "end": {
          "line": 3,
          "column": 29
        }
      },
      "3": {
        "start": {
          "line": 4,
          "column": 20
        },
        "end": {
          "line": 4,
          "column": 33
        }
      },
      "4": {
        "start": {
          "line": 6,
          "column": 23
        },
        "end": {
          "line": 11,
          "column": 1
        }
      }
    },
    "fnMap": {},
    "branchMap": {},
    "s": {
      "0": 10,
      "1": 10,
      "2": 10,
      "3": 10,
      "4": 10
    },
    "f": {},
    "b": {},
    "_coverageSchema": "1a1c01bbd47fc00a2c39e90264f33305004495a9",
    "hash": "45eca28fff2f67d68e31da94e893cb31df6e584f"
  },
  "/Users/mark/Repositories/schematic-capture-fe/src/shared/components/Components/PrivateRoute.js": {
    "path": "/Users/mark/Repositories/schematic-capture-fe/src/shared/components/Components/PrivateRoute.js",
    "statementMap": {
      "0": {
        "start": {
          "line": 4,
          "column": 21
        },
        "end": {
          "line": 15,
          "column": 1
        }
      },
      "1": {
        "start": {
          "line": 5,
          "column": 44
        },
        "end": {
          "line": 5,
          "column": 49
        }
      },
      "2": {
        "start": {
          "line": 6,
          "column": 26
        },
        "end": {
          "line": 6,
          "column": 59
        }
      },
      "3": {
        "start": {
          "line": 10,
          "column": 2
        },
        "end": {
          "line": 14,
          "column": 4
        }
      }
    },
    "fnMap": {
      "0": {
        "name": "(anonymous_0)",
        "decl": {
          "start": {
            "line": 4,
            "column": 21
          },
          "end": {
            "line": 4,
            "column": 22
          }
        },
        "loc": {
          "start": {
            "line": 4,
            "column": 30
          },
          "end": {
            "line": 15,
            "column": 1
          }
        },
        "line": 4
      }
    },
    "branchMap": {
      "0": {
        "loc": {
          "start": {
            "line": 10,
            "column": 9
          },
          "end": {
            "line": 14,
            "column": 3
          }
        },
        "type": "cond-expr",
        "locations": [
          {
            "start": {
              "line": 11,
              "column": 4
            },
            "end": {
              "line": 11,
              "column": 45
            }
          },
          {
            "start": {
              "line": 13,
              "column": 4
            },
            "end": {
              "line": 13,
              "column": 23
            }
          }
        ],
        "line": 10
      }
    },
    "s": {
      "0": 10,
      "1": 3,
      "2": 3,
      "3": 3
    },
    "f": {
      "0": 3
    },
    "b": {
      "0": [
        3,
        0
      ]
    },
    "_coverageSchema": "1a1c01bbd47fc00a2c39e90264f33305004495a9",
    "hash": "416ab74e4ba93af0b3245263b6c8c8f759ad0fb9"
  },
  "/Users/mark/Repositories/schematic-capture-fe/src/App/Auth/Styles.js": {
    "path": "/Users/mark/Repositories/schematic-capture-fe/src/App/Auth/Styles.js",
    "statementMap": {
      "0": {
        "start": {
          "line": 9,
          "column": 27
        },
        "end": {
          "line": 14,
          "column": 1
        }
      },
      "1": {
        "start": {
          "line": 16,
          "column": 29
        },
        "end": {
          "line": 23,
          "column": 1
        }
      },
      "2": {
        "start": {
          "line": 25,
          "column": 25
        },
        "end": {
          "line": 38,
          "column": 1
        }
      },
      "3": {
        "start": {
          "line": 40,
          "column": 25
        },
        "end": {
          "line": 48,
          "column": 1
        }
      },
      "4": {
        "start": {
          "line": 50,
          "column": 26
        },
        "end": {
          "line": 52,
          "column": 1
        }
      },
      "5": {
        "start": {
          "line": 54,
          "column": 29
        },
        "end": {
          "line": 74,
          "column": 1
        }
      },
      "6": {
        "start": {
          "line": 76,
          "column": 23
        },
        "end": {
          "line": 81,
          "column": 1
        }
      },
      "7": {
        "start": {
          "line": 83,
          "column": 26
        },
        "end": {
          "line": 90,
          "column": 1
        }
      },
      "8": {
        "start": {
          "line": 92,
          "column": 25
        },
        "end": {
          "line": 94,
          "column": 1
        }
      },
      "9": {
        "start": {
          "line": 96,
          "column": 27
        },
        "end": {
          "line": 115,
          "column": 1
        }
      },
      "10": {
        "start": {
          "line": 117,
          "column": 22
        },
        "end": {
          "line": 140,
          "column": 1
        }
      },
      "11": {
        "start": {
          "line": 142,
          "column": 26
        },
        "end": {
          "line": 146,
          "column": 1
        }
      },
      "12": {
        "start": {
          "line": 148,
          "column": 22
        },
        "end": {
          "line": 201,
          "column": 1
        }
      },
      "13": {
        "start": {
          "line": 164,
          "column": 4
        },
        "end": {
          "line": 168,
          "column": 3
        }
      },
      "14": {
        "start": {
          "line": 171,
          "column": 4
        },
        "end": {
          "line": 171,
          "column": 69
        }
      },
      "15": {
        "start": {
          "line": 174,
          "column": 4
        },
        "end": {
          "line": 174,
          "column": 72
        }
      },
      "16": {
        "start": {
          "line": 177,
          "column": 4
        },
        "end": {
          "line": 177,
          "column": 71
        }
      },
      "17": {
        "start": {
          "line": 191,
          "column": 6
        },
        "end": {
          "line": 194,
          "column": 17
        }
      },
      "18": {
        "start": {
          "line": 196,
          "column": 6
        },
        "end": {
          "line": 199,
          "column": 17
        }
      }
    },
    "fnMap": {
      "0": {
        "name": "(anonymous_0)",
        "decl": {
          "start": {
            "line": 163,
            "column": 4
          },
          "end": {
            "line": 163,
            "column": 5
          }
        },
        "loc": {
          "start": {
            "line": 164,
            "column": 4
          },
          "end": {
            "line": 168,
            "column": 3
          }
        },
        "line": 164
      },
      "1": {
        "name": "(anonymous_1)",
        "decl": {
          "start": {
            "line": 170,
            "column": 22
          },
          "end": {
            "line": 170,
            "column": 23
          }
        },
        "loc": {
          "start": {
            "line": 171,
            "column": 4
          },
          "end": {
            "line": 171,
            "column": 69
          }
        },
        "line": 171
      },
      "2": {
        "name": "(anonymous_2)",
        "decl": {
          "start": {
            "line": 173,
            "column": 11
          },
          "end": {
            "line": 173,
            "column": 12
          }
        },
        "loc": {
          "start": {
            "line": 174,
            "column": 4
          },
          "end": {
            "line": 174,
            "column": 72
          }
        },
        "line": 174
      },
      "3": {
        "name": "(anonymous_3)",
        "decl": {
          "start": {
            "line": 176,
            "column": 18
          },
          "end": {
            "line": 176,
            "column": 19
          }
        },
        "loc": {
          "start": {
            "line": 177,
            "column": 4
          },
          "end": {
            "line": 177,
            "column": 71
          }
        },
        "line": 177
      },
      "4": {
        "name": "(anonymous_4)",
        "decl": {
          "start": {
            "line": 190,
            "column": 24
          },
          "end": {
            "line": 190,
            "column": 25
          }
        },
        "loc": {
          "start": {
            "line": 191,
            "column": 6
          },
          "end": {
            "line": 194,
            "column": 17
          }
        },
        "line": 191
      },
      "5": {
        "name": "(anonymous_5)",
        "decl": {
          "start": {
            "line": 195,
            "column": 20
          },
          "end": {
            "line": 195,
            "column": 21
          }
        },
        "loc": {
          "start": {
            "line": 196,
            "column": 6
          },
          "end": {
            "line": 199,
            "column": 17
          }
        },
        "line": 196
      }
    },
    "branchMap": {
      "0": {
        "loc": {
          "start": {
            "line": 164,
            "column": 4
          },
          "end": {
            "line": 168,
            "column": 3
          }
        },
        "type": "binary-expr",
        "locations": [
          {
            "start": {
              "line": 164,
              "column": 4
            },
            "end": {
              "line": 164,
              "column": 18
            }
          },
          {
            "start": {
              "line": 165,
              "column": 4
            },
            "end": {
              "line": 168,
              "column": 3
            }
          }
        ],
        "line": 164
      },
      "1": {
        "loc": {
          "start": {
            "line": 171,
            "column": 4
          },
          "end": {
            "line": 171,
            "column": 69
          }
        },
        "type": "cond-expr",
        "locations": [
          {
            "start": {
              "line": 171,
              "column": 40
            },
            "end": {
              "line": 171,
              "column": 53
            }
          },
          {
            "start": {
              "line": 171,
              "column": 56
            },
            "end": {
              "line": 171,
              "column": 69
            }
          }
        ],
        "line": 171
      },
      "2": {
        "loc": {
          "start": {
            "line": 171,
            "column": 4
          },
          "end": {
            "line": 171,
            "column": 37
          }
        },
        "type": "binary-expr",
        "locations": [
          {
            "start": {
              "line": 171,
              "column": 4
            },
            "end": {
              "line": 171,
              "column": 12
            }
          },
          {
            "start": {
              "line": 171,
              "column": 16
            },
            "end": {
              "line": 171,
              "column": 37
            }
          }
        ],
        "line": 171
      },
      "3": {
        "loc": {
          "start": {
            "line": 174,
            "column": 4
          },
          "end": {
            "line": 174,
            "column": 72
          }
        },
        "type": "cond-expr",
        "locations": [
          {
            "start": {
              "line": 174,
              "column": 40
            },
            "end": {
              "line": 174,
              "column": 55
            }
          },
          {
            "start": {
              "line": 174,
              "column": 58
            },
            "end": {
              "line": 174,
              "column": 72
            }
          }
        ],
        "line": 174
      },
      "4": {
        "loc": {
          "start": {
            "line": 174,
            "column": 4
          },
          "end": {
            "line": 174,
            "column": 37
          }
        },
        "type": "binary-expr",
        "locations": [
          {
            "start": {
              "line": 174,
              "column": 4
            },
            "end": {
              "line": 174,
              "column": 12
            }
          },
          {
            "start": {
              "line": 174,
              "column": 16
            },
            "end": {
              "line": 174,
              "column": 37
            }
          }
        ],
        "line": 174
      },
      "5": {
        "loc": {
          "start": {
            "line": 177,
            "column": 4
          },
          "end": {
            "line": 177,
            "column": 71
          }
        },
        "type": "cond-expr",
        "locations": [
          {
            "start": {
              "line": 177,
              "column": 40
            },
            "end": {
              "line": 177,
              "column": 53
            }
          },
          {
            "start": {
              "line": 177,
              "column": 56
            },
            "end": {
              "line": 177,
              "column": 71
            }
          }
        ],
        "line": 177
      },
      "6": {
        "loc": {
          "start": {
            "line": 177,
            "column": 4
          },
          "end": {
            "line": 177,
            "column": 37
          }
        },
        "type": "binary-expr",
        "locations": [
          {
            "start": {
              "line": 177,
              "column": 4
            },
            "end": {
              "line": 177,
              "column": 12
            }
          },
          {
            "start": {
              "line": 177,
              "column": 16
            },
            "end": {
              "line": 177,
              "column": 37
            }
          }
        ],
        "line": 177
      },
      "7": {
        "loc": {
          "start": {
            "line": 191,
            "column": 6
          },
          "end": {
            "line": 194,
            "column": 17
          }
        },
        "type": "binary-expr",
        "locations": [
          {
            "start": {
              "line": 191,
              "column": 6
            },
            "end": {
              "line": 191,
              "column": 27
            }
          },
          {
            "start": {
              "line": 192,
              "column": 6
            },
            "end": {
              "line": 194,
              "column": 17
            }
          }
        ],
        "line": 191
      },
      "8": {
        "loc": {
          "start": {
            "line": 196,
            "column": 6
          },
          "end": {
            "line": 199,
            "column": 17
          }
        },
        "type": "binary-expr",
        "locations": [
          {
            "start": {
              "line": 196,
              "column": 6
            },
            "end": {
              "line": 196,
              "column": 29
            }
          },
          {
            "start": {
              "line": 197,
              "column": 6
            },
            "end": {
              "line": 199,
              "column": 17
            }
          }
        ],
        "line": 196
      }
    },
    "s": {
      "0": 10,
      "1": 10,
      "2": 10,
      "3": 10,
      "4": 10,
      "5": 10,
      "6": 10,
      "7": 10,
      "8": 10,
      "9": 10,
      "10": 10,
      "11": 10,
      "12": 10,
      "13": 42,
      "14": 42,
      "15": 42,
      "16": 42,
      "17": 42,
      "18": 42
    },
    "f": {
      "0": 42,
      "1": 42,
      "2": 42,
      "3": 42,
      "4": 42,
      "5": 42
    },
    "b": {
      "0": [
        42,
        21
      ],
      "1": [
        21,
        21
      ],
      "2": [
        42,
        42
      ],
      "3": [
        21,
        21
      ],
      "4": [
        42,
        42
      ],
      "5": [
        21,
        21
      ],
      "6": [
        42,
        42
      ],
      "7": [
        42,
        21
      ],
      "8": [
        42,
        21
      ]
    },
    "_coverageSchema": "1a1c01bbd47fc00a2c39e90264f33305004495a9",
    "hash": "1083036ccb4a6398bf96b83bbb6bb3894edafb24"
  },
  "/Users/mark/Repositories/schematic-capture-fe/src/shared/assets/google-icon.js": {
    "path": "/Users/mark/Repositories/schematic-capture-fe/src/shared/assets/google-icon.js",
    "statementMap": {
      "0": {
        "start": {
          "line": 4,
          "column": 2
        },
        "end": {
          "line": 40,
          "column": 4
        }
      }
    },
    "fnMap": {
      "0": {
        "name": "(anonymous_0)",
        "decl": {
          "start": {
            "line": 3,
            "column": 15
          },
          "end": {
            "line": 3,
            "column": 16
          }
        },
        "loc": {
          "start": {
            "line": 3,
            "column": 21
          },
          "end": {
            "line": 41,
            "column": 1
          }
        },
        "line": 3
      }
    },
    "branchMap": {},
    "s": {
      "0": 21
    },
    "f": {
      "0": 21
    },
    "b": {},
    "_coverageSchema": "1a1c01bbd47fc00a2c39e90264f33305004495a9",
    "hash": "b9f18fbbd2aa134965058df8df1e887c42e1bbc5"
  },
  "/Users/mark/Repositories/schematic-capture-fe/src/shared/utils/axiosWithAuth.js": {
    "path": "/Users/mark/Repositories/schematic-capture-fe/src/shared/utils/axiosWithAuth.js",
    "statementMap": {
      "0": {
        "start": {
          "line": 3,
          "column": 29
        },
        "end": {
          "line": 13,
          "column": 1
        }
      },
      "1": {
        "start": {
          "line": 4,
          "column": 18
        },
        "end": {
          "line": 4,
          "column": 49
        }
      },
      "2": {
        "start": {
          "line": 5,
          "column": 19
        },
        "end": {
          "line": 5,
          "column": 97
        }
      },
      "3": {
        "start": {
          "line": 7,
          "column": 2
        },
        "end": {
          "line": 12,
          "column": 5
        }
      }
    },
    "fnMap": {
      "0": {
        "name": "(anonymous_0)",
        "decl": {
          "start": {
            "line": 3,
            "column": 29
          },
          "end": {
            "line": 3,
            "column": 30
          }
        },
        "loc": {
          "start": {
            "line": 3,
            "column": 35
          },
          "end": {
            "line": 13,
            "column": 1
          }
        },
        "line": 3
      }
    },
    "branchMap": {
      "0": {
        "loc": {
          "start": {
            "line": 5,
            "column": 19
          },
          "end": {
            "line": 5,
            "column": 97
          }
        },
        "type": "binary-expr",
        "locations": [
          {
            "start": {
              "line": 5,
              "column": 19
            },
            "end": {
              "line": 5,
              "column": 49
            }
          },
          {
            "start": {
              "line": 5,
              "column": 53
            },
            "end": {
              "line": 5,
              "column": 97
            }
          }
        ],
        "line": 5
      }
    },
    "s": {
      "0": 10,
      "1": 2,
      "2": 2,
      "3": 2
    },
    "f": {
      "0": 2
    },
    "b": {
      "0": [
        2,
        2
      ]
    },
    "_coverageSchema": "1a1c01bbd47fc00a2c39e90264f33305004495a9",
    "hash": "818dd6d1f21db8cd688278d5c4043db618bee998"
  },
  "/Users/mark/Repositories/schematic-capture-fe/src/shared/utils/firebase.js": {
    "path": "/Users/mark/Repositories/schematic-capture-fe/src/shared/utils/firebase.js",
    "statementMap": {
      "0": {
        "start": {
          "line": 3,
          "column": 0
        },
        "end": {
          "line": 12,
          "column": 3
        }
      },
      "1": {
        "start": {
          "line": 14,
          "column": 30
        },
        "end": {
          "line": 14,
          "column": 68
        }
      }
    },
    "fnMap": {},
    "branchMap": {},
    "s": {
      "0": 10,
      "1": 10
    },
    "f": {},
    "b": {},
    "_coverageSchema": "1a1c01bbd47fc00a2c39e90264f33305004495a9",
    "hash": "30133934f9834e189c2bd340205306917d836a7b"
  },
  "/Users/mark/Repositories/schematic-capture-fe/src/shared/actions/authActions.js": {
    "path": "/Users/mark/Repositories/schematic-capture-fe/src/shared/actions/authActions.js",
    "statementMap": {
      "0": {
        "start": {
          "line": 5,
          "column": 31
        },
        "end": {
          "line": 5,
          "column": 55
        }
      },
      "1": {
        "start": {
          "line": 6,
          "column": 32
        },
        "end": {
          "line": 6,
          "column": 57
        }
      },
      "2": {
        "start": {
          "line": 7,
          "column": 22
        },
        "end": {
          "line": 7,
          "column": 37
        }
      },
      "3": {
        "start": {
          "line": 8,
          "column": 26
        },
        "end": {
          "line": 8,
          "column": 45
        }
      },
      "4": {
        "start": {
          "line": 9,
          "column": 23
        },
        "end": {
          "line": 9,
          "column": 39
        }
      },
      "5": {
        "start": {
          "line": 11,
          "column": 53
        },
        "end": {
          "line": 11,
          "column": 63
        }
      },
      "6": {
        "start": {
          "line": 13,
          "column": 26
        },
        "end": {
          "line": 44,
          "column": 1
        }
      },
      "7": {
        "start": {
          "line": 13,
          "column": 45
        },
        "end": {
          "line": 44,
          "column": 1
        }
      },
      "8": {
        "start": {
          "line": 14,
          "column": 2
        },
        "end": {
          "line": 14,
          "column": 34
        }
      },
      "9": {
        "start": {
          "line": 17,
          "column": 42
        },
        "end": {
          "line": 17,
          "column": 46
        }
      },
      "10": {
        "start": {
          "line": 18,
          "column": 2
        },
        "end": {
          "line": 43,
          "column": 75
        }
      },
      "11": {
        "start": {
          "line": 22,
          "column": 6
        },
        "end": {
          "line": 22,
          "column": 36
        }
      },
      "12": {
        "start": {
          "line": 25,
          "column": 6
        },
        "end": {
          "line": 25,
          "column": 47
        }
      },
      "13": {
        "start": {
          "line": 26,
          "column": 6
        },
        "end": {
          "line": 41,
          "column": 11
        }
      },
      "14": {
        "start": {
          "line": 29,
          "column": 23
        },
        "end": {
          "line": 29,
          "column": 31
        }
      },
      "15": {
        "start": {
          "line": 32,
          "column": 10
        },
        "end": {
          "line": 32,
          "column": 61
        }
      },
      "16": {
        "start": {
          "line": 34,
          "column": 10
        },
        "end": {
          "line": 34,
          "column": 47
        }
      },
      "17": {
        "start": {
          "line": 35,
          "column": 10
        },
        "end": {
          "line": 35,
          "column": 68
        }
      },
      "18": {
        "start": {
          "line": 36,
          "column": 10
        },
        "end": {
          "line": 36,
          "column": 37
        }
      },
      "19": {
        "start": {
          "line": 39,
          "column": 10
        },
        "end": {
          "line": 39,
          "column": 53
        }
      },
      "20": {
        "start": {
          "line": 40,
          "column": 10
        },
        "end": {
          "line": 40,
          "column": 64
        }
      },
      "21": {
        "start": {
          "line": 43,
          "column": 20
        },
        "end": {
          "line": 43,
          "column": 73
        }
      },
      "22": {
        "start": {
          "line": 46,
          "column": 19
        },
        "end": {
          "line": 74,
          "column": 1
        }
      },
      "23": {
        "start": {
          "line": 46,
          "column": 38
        },
        "end": {
          "line": 74,
          "column": 1
        }
      },
      "24": {
        "start": {
          "line": 47,
          "column": 2
        },
        "end": {
          "line": 47,
          "column": 34
        }
      },
      "25": {
        "start": {
          "line": 49,
          "column": 30
        },
        "end": {
          "line": 49,
          "column": 34
        }
      },
      "26": {
        "start": {
          "line": 51,
          "column": 2
        },
        "end": {
          "line": 73,
          "column": 75
        }
      },
      "27": {
        "start": {
          "line": 55,
          "column": 6
        },
        "end": {
          "line": 55,
          "column": 36
        }
      },
      "28": {
        "start": {
          "line": 58,
          "column": 6
        },
        "end": {
          "line": 58,
          "column": 47
        }
      },
      "29": {
        "start": {
          "line": 59,
          "column": 6
        },
        "end": {
          "line": 71,
          "column": 79
        }
      },
      "30": {
        "start": {
          "line": 62,
          "column": 23
        },
        "end": {
          "line": 62,
          "column": 31
        }
      },
      "31": {
        "start": {
          "line": 65,
          "column": 10
        },
        "end": {
          "line": 65,
          "column": 61
        }
      },
      "32": {
        "start": {
          "line": 67,
          "column": 10
        },
        "end": {
          "line": 67,
          "column": 47
        }
      },
      "33": {
        "start": {
          "line": 68,
          "column": 10
        },
        "end": {
          "line": 68,
          "column": 59
        }
      },
      "34": {
        "start": {
          "line": 69,
          "column": 10
        },
        "end": {
          "line": 69,
          "column": 37
        }
      },
      "35": {
        "start": {
          "line": 71,
          "column": 24
        },
        "end": {
          "line": 71,
          "column": 77
        }
      },
      "36": {
        "start": {
          "line": 73,
          "column": 20
        },
        "end": {
          "line": 73,
          "column": 73
        }
      },
      "37": {
        "start": {
          "line": 76,
          "column": 27
        },
        "end": {
          "line": 91,
          "column": 1
        }
      },
      "38": {
        "start": {
          "line": 76,
          "column": 46
        },
        "end": {
          "line": 91,
          "column": 1
        }
      },
      "39": {
        "start": {
          "line": 77,
          "column": 2
        },
        "end": {
          "line": 77,
          "column": 34
        }
      },
      "40": {
        "start": {
          "line": 78,
          "column": 2
[...]
              "line": 12,
              "column": 38
            }
          }
        ],
        "line": 12
      },
      "2": {
        "loc": {
          "start": {
            "line": 13,
            "column": 2
          },
          "end": {
            "line": 28,
            "column": 3
          }
        },
        "type": "switch",
        "locations": [
          {
            "start": {
              "line": 14,
              "column": 4
            },
            "end": {
              "line": 18,
              "column": 8
            }
          },
          {
            "start": {
              "line": 19,
              "column": 4
            },
            "end": {
              "line": 19,
              "column": 32
            }
          },
          {
            "start": {
              "line": 20,
              "column": 4
            },
            "end": {
              "line": 25,
              "column": 8
            }
          },
          {
            "start": {
              "line": 26,
              "column": 4
            },
            "end": {
              "line": 27,
              "column": 19
            }
          }
        ],
        "line": 13
      }
    },
    "s": {
      "0": 10,
      "1": 10,
      "2": 10,
      "3": 38,
      "4": 0,
      "5": 1,
      "6": 37
    },
    "f": {
      "0": 38
    },
    "b": {
      "0": [
        10,
        10
      ],
      "1": [
        30
      ],
      "2": [
        0,
        0,
        1,
        37
      ]
    },
    "_coverageSchema": "1a1c01bbd47fc00a2c39e90264f33305004495a9",
    "hash": "b83d7aaae2c6dc9c1a7ed0dec13b02655463125a"
  },
  "/Users/mark/Repositories/schematic-capture-fe/src/shared/reducers/appReducer.js": {
    "path": "/Users/mark/Repositories/schematic-capture-fe/src/shared/reducers/appReducer.js",
    "statementMap": {
      "0": {
        "start": {
          "line": 3,
          "column": 66
        },
        "end": {
          "line": 3,
          "column": 73
        }
      },
      "1": {
        "start": {
          "line": 5,
          "column": 18
        },
        "end": {
          "line": 8,
          "column": 1
        }
      },
      "2": {
        "start": {
          "line": 10,
          "column": 19
        },
        "end": {
          "line": 37,
          "column": 1
        }
      },
      "3": {
        "start": {
          "line": 11,
          "column": 2
        },
        "end": {
          "line": 36,
          "column": 3
        }
      },
      "4": {
        "start": {
          "line": 13,
          "column": 6
        },
        "end": {
          "line": 16,
          "column": 8
        }
      },
      "5": {
        "start": {
          "line": 18,
          "column": 6
        },
        "end": {
          "line": 22,
          "column": 8
        }
      },
      "6": {
        "start": {
          "line": 24,
          "column": 6
        },
        "end": {
          "line": 28,
          "column": 8
        }
      },
      "7": {
        "start": {
          "line": 30,
          "column": 6
        },
        "end": {
          "line": 33,
          "column": 7
        }
      },
      "8": {
        "start": {
          "line": 35,
          "column": 6
        },
        "end": {
          "line": 35,
          "column": 19
        }
      }
    },
    "fnMap": {
      "0": {
        "name": "(anonymous_0)",
        "decl": {
          "start": {
            "line": 10,
            "column": 19
          },
          "end": {
            "line": 10,
            "column": 20
          }
        },
        "loc": {
          "start": {
            "line": 10,
            "column": 50
          },
          "end": {
            "line": 37,
            "column": 1
          }
        },
        "line": 10
      }
    },
    "branchMap": {
      "0": {
        "loc": {
          "start": {
            "line": 10,
            "column": 20
          },
          "end": {
            "line": 10,
            "column": 37
          }
        },
        "type": "default-arg",
        "locations": [
          {
            "start": {
              "line": 10,
              "column": 28
            },
            "end": {
              "line": 10,
              "column": 37
            }
          }
        ],
        "line": 10
      },
      "1": {
        "loc": {
          "start": {
            "line": 11,
            "column": 2
          },
          "end": {
            "line": 36,
            "column": 3
          }
        },
        "type": "switch",
        "locations": [
          {
            "start": {
              "line": 12,
              "column": 4
            },
            "end": {
              "line": 16,
              "column": 8
            }
          },
          {
            "start": {
              "line": 17,
              "column": 4
            },
            "end": {
              "line": 22,
              "column": 8
            }
          },
          {
            "start": {
              "line": 23,
              "column": 4
            },
            "end": {
              "line": 28,
              "column": 8
            }
          },
          {
            "start": {
              "line": 29,
              "column": 4
            },
            "end": {
              "line": 33,
              "column": 7
            }
          },
          {
            "start": {
              "line": 34,
              "column": 4
            },
            "end": {
              "line": 35,
              "column": 19
            }
          }
        ],
        "line": 11
      }
    },
    "s": {
      "0": 10,
      "1": 10,
      "2": 10,
      "3": 38,
      "4": 4,
      "5": 2,
      "6": 0,
      "7": 0,
      "8": 32
    },
    "f": {
      "0": 38
    },
    "b": {
      "0": [
        30
      ],
      "1": [
        4,
        2,
        0,
        0,
        32
      ]
    },
    "_coverageSchema": "1a1c01bbd47fc00a2c39e90264f33305004495a9",
    "hash": "57607f3ea3177b369a0e3302d1a3b71699b11629"
  },
  "/Users/mark/Repositories/schematic-capture-fe/src/shared/reducers/dashboardReducer.js": {
    "path": "/Users/mark/Repositories/schematic-capture-fe/src/shared/reducers/dashboardReducer.js",
    "statementMap": {
      "0": {
        "start": {
          "line": 11,
          "column": 4
        },
        "end": {
          "line": 11,
          "column": 11
        }
      },
      "1": {
        "start": {
          "line": 13,
          "column": 18
        },
        "end": {
          "line": 20,
          "column": 1
        }
      },
      "2": {
        "start": {
          "line": 22,
          "column": 25
        },
        "end": {
          "line": 67,
          "column": 1
        }
      },
      "3": {
        "start": {
          "line": 23,
          "column": 2
        },
        "end": {
          "line": 66,
          "column": 3
        }
      },
      "4": {
        "start": {
          "line": 25,
          "column": 6
        },
        "end": {
          "line": 28,
          "column": 8
        }
      },
      "5": {
        "start": {
          "line": 30,
          "column": 6
        },
        "end": {
          "line": 33,
          "column": 8
        }
      },
      "6": {
        "start": {
          "line": 35,
          "column": 6
        },
        "end": {
          "line": 38,
          "column": 8
        }
      },
      "7": {
        "start": {
          "line": 40,
          "column": 6
        },
        "end": {
          "line": 43,
          "column": 8
        }
      },
      "8": {
        "start": {
          "line": 45,
          "column": 6
        },
        "end": {
          "line": 45,
          "column": 44
        }
      },
      "9": {
        "start": {
          "line": 46,
          "column": 6
        },
        "end": {
          "line": 46,
          "column": 34
        }
      },
      "10": {
        "start": {
          "line": 47,
          "column": 6
        },
        "end": {
          "line": 53,
          "column": 8
        }
      },
      "11": {
        "start": {
          "line": 55,
          "column": 6
        },
        "end": {
          "line": 58,
          "column": 8
        }
      },
      "12": {
        "start": {
          "line": 60,
          "column": 6
        },
        "end": {
          "line": 63,
          "column": 8
        }
      },
      "13": {
        "start": {
          "line": 65,
          "column": 6
        },
        "end": {
          "line": 65,
          "column": 19
        }
      }
    },
    "fnMap": {
      "0": {
        "name": "(anonymous_0)",
        "decl": {
          "start": {
            "line": 22,
            "column": 25
          },
          "end": {
            "line": 22,
            "column": 26
          }
        },
        "loc": {
          "start": {
            "line": 22,
            "column": 56
          },
          "end": {
            "line": 67,
            "column": 1
          }
        },
        "line": 22
      }
    },
    "branchMap": {
      "0": {
        "loc": {
          "start": {
            "line": 22,
            "column": 26
          },
          "end": {
            "line": 22,
            "column": 43
          }
        },
        "type": "default-arg",
        "locations": [
          {
            "start": {
              "line": 22,
              "column": 34
            },
            "end": {
              "line": 22,
              "column": 43
            }
          }
        ],
        "line": 22
      },
      "1": {
        "loc": {
          "start": {
            "line": 23,
            "column": 2
          },
          "end": {
            "line": 66,
            "column": 3
          }
        },
        "type": "switch",
        "locations": [
          {
            "start": {
              "line": 24,
              "column": 4
            },
            "end": {
              "line": 28,
              "column": 8
            }
          },
          {
            "start": {
              "line": 29,
              "column": 4
            },
            "end": {
              "line": 33,
              "column": 8
            }
          },
          {
            "start": {
              "line": 34,
              "column": 4
            },
            "end": {
              "line": 38,
              "column": 8
            }
          },
          {
            "start": {
              "line": 39,
              "column": 4
            },
            "end": {
              "line": 43,
              "column": 8
            }
          },
          {
            "start": {
              "line": 44,
              "column": 4
            },
            "end": {
              "line": 53,
              "column": 8
            }
          },
          {
            "start": {
              "line": 54,
              "column": 4
            },
            "end": {
              "line": 58,
              "column": 8
            }
          },
          {
            "start": {
              "line": 59,
              "column": 4
            },
            "end": {
              "line": 63,
              "column": 8
            }
          },
          {
            "start": {
              "line": 64,
              "column": 4
            },
            "end": {
              "line": 65,
              "column": 19
            }
          }
        ],
        "line": 23
      }
    },
    "s": {
      "0": 10,
      "1": 10,
      "2": 10,
      "3": 38,
      "4": 1,
      "5": 0,
      "6": 0,
      "7": 0,
      "8": 0,
      "9": 0,
      "10": 0,
      "11": 0,
      "12": 0,
      "13": 37
    },
    "f": {
      "0": 38
    },
    "b": {
      "0": [
        30
      ],
      "1": [
        1,
        0,
        0,
        0,
        0,
        0,
        0,
        37
      ]
    },
    "_coverageSchema": "1a1c01bbd47fc00a2c39e90264f33305004495a9",
    "hash": "546191616128863fd8078cb2baa8192000c5033f"
  },
  "/Users/mark/Repositories/schematic-capture-fe/src/shared/reducers/rootReducer.js": {
    "path": "/Users/mark/Repositories/schematic-capture-fe/src/shared/reducers/rootReducer.js",
    "statementMap": {
      "0": {
        "start": {
          "line": 6,
          "column": 20
        },
        "end": {
          "line": 10,
          "column": 2
        }
      }
    },
    "fnMap": {},
    "branchMap": {},
    "s": {
      "0": 10
    },
    "f": {},
    "b": {},
    "_coverageSchema": "1a1c01bbd47fc00a2c39e90264f33305004495a9",
    "hash": "dde79da47bea177d9b590e6e88ad2b9f73c9115b"
  },
  "/Users/mark/Repositories/schematic-capture-fe/src/shared/utils/localStorage.js": {
    "path": "/Users/mark/Repositories/schematic-capture-fe/src/shared/utils/localStorage.js",
    "statementMap": {
      "0": {
        "start": {
          "line": 3,
          "column": 25
        },
        "end": {
          "line": 15,
          "column": 1
        }
      },
      "1": {
        "start": {
          "line": 4,
          "column": 11
        },
        "end": {
          "line": 13,
          "column": 3
        }
      },
      "2": {
        "start": {
          "line": 4,
          "column": 19
        },
        "end": {
          "line": 13,
          "column": 3
        }
      },
      "3": {
        "start": {
          "line": 5,
          "column": 26
        },
        "end": {
          "line": 5,
          "column": 42
        }
      },
      "4": {
        "start": {
          "line": 6,
          "column": 23
        },
        "end": {
          "line": 6,
          "column": 48
        }
      },
      "5": {
        "start": {
          "line": 8,
          "column": 4
        },
        "end": {
          "line": 10,
          "column": 22
        }
      },
      "6": {
        "start": {
          "line": 9,
          "column": 6
        },
        "end": {
          "line": 9,
          "column": 48
        }
      },
      "7": {
        "start": {
          "line": 12,
          "column": 4
        },
        "end": {
          "line": 12,
          "column": 17
        }
      },
      "8": {
        "start": {
          "line": 17,
          "column": 25
        },
        "end": {
          "line": 28,
          "column": 1
        }
      },
      "9": {
        "start": {
          "line": 18,
          "column": 2
        },
        "end": {
          "line": 27,
          "column": 3
        }
      },
      "10": {
        "start": {
          "line": 19,
          "column": 18
        },
        "end": {
          "line": 19,
          "column": 47
        }
      },
      "11": {
        "start": {
          "line": 20,
          "column": 4
        },
        "end": {
          "line": 22,
          "column": 5
        }
      },
      "12": {
        "start": {
          "line": 21,
          "column": 6
        },
        "end": {
          "line": 21,
          "column": 23
        }
      },
      "13": {
        "start": {
          "line": 23,
          "column": 22
        },
        "end": {
          "line": 23,
          "column": 39
        }
      },
      "14": {
        "start": {
          "line": 24,
          "column": 4
        },
        "end": {
          "line": 24,
          "column": 25
        }
      },
      "15": {
        "start": {
          "line": 26,
          "column": 4
        },
        "end": {
          "line": 26,
          "column": 21
        }
      }
    },
    "fnMap": {
      "0": {
        "name": "(anonymous_0)",
        "decl": {
          "start": {
            "line": 4,
            "column": 2
          },
          "end": {
            "line": 4,
            "column": 3
          }
        },
        "loc": {
          "start": {
            "line": 4,
            "column": 11
          },
          "end": {
            "line": 13,
            "column": 3
          }
        },
        "line": 4
      },
      "1": {
        "name": "(anonymous_1)",
        "decl": {
          "start": {
            "line": 4,
            "column": 11
          },
          "end": {
            "line": 4,
            "column": 12
          }
        },
        "loc": {
          "start": {
            "line": 4,
            "column": 19
          },
          "end": {
            "line": 13,
            "column": 3
          }
        },
        "line": 4
      },
      "2": {
        "name": "(anonymous_2)",
        "decl": {
          "start": {
            "line": 4,
            "column": 19
          },
          "end": {
            "line": 4,
            "column": 20
          }
        },
        "loc": {
          "start": {
            "line": 4,
            "column": 29
          },
          "end": {
            "line": 13,
            "column": 3
          }
        },
        "line": 4
      },
      "3": {
        "name": "(anonymous_3)",
        "decl": {
          "start": {
            "line": 17,
            "column": 25
          },
          "end": {
            "line": 17,
            "column": 26
          }
        },
        "loc": {
          "start": {
            "line": 17,
            "column": 31
          },
          "end": {
            "line": 28,
            "column": 1
          }
        },
        "line": 17
      }
    },
    "branchMap": {
      "0": {
        "loc": {
          "start": {
            "line": 20,
            "column": 4
          },
          "end": {
            "line": 22,
            "column": 5
          }
        },
        "type": "if",
        "locations": [
          {
            "start": {
              "line": 20,
              "column": 4
            },
            "end": {
              "line": 22,
              "column": 5
            }
          },
          {
            "start": {
              "line": 20,
              "column": 4
            },
            "end": {
              "line": 22,
              "column": 5
            }
          }
        ],
        "line": 20
      }
    },
    "s": {
      "0": 10,
      "1": 10,
      "2": 10,
      "3": 8,
      "4": 8,
      "5": 8,
      "6": 8,
      "7": 8,
      "8": 10,
      "9": 10,
      "10": 10,
      "11": 10,
      "12": 10,
      "13": 0,
      "14": 0,
      "15": 0
    },
    "f": {
      "0": 10,
      "1": 10,
      "2": 8,
      "3": 10
    },
    "b": {
      "0": [
        10,
        0
      ]
    },
    "_coverageSchema": "1a1c01bbd47fc00a2c39e90264f33305004495a9",
    "hash": "b79a8bd2a05e25fbf30d6ee648d688a47c7dba29"
  },
  "/Users/mark/Repositories/schematic-capture-fe/src/index.js": {
    "path": "/Users/mark/Repositories/schematic-capture-fe/src/index.js",
    "statementMap": {
      "0": {
        "start": {
          "line": 17,
          "column": 0
        },
        "end": {
          "line": 19,
          "column": 3
        }
      },
      "1": {
        "start": {
          "line": 21,
          "column": 23
        },
        "end": {
          "line": 21,
          "column": 34
        }
      },
      "2": {
        "start": {
          "line": 23,
          "column": 14
        },
        "end": {
          "line": 27,
          "column": 1
        }
      },
      "3": {
        "start": {
          "line": 29,
          "column": 0
        },
        "end": {
          "line": 34,
          "column": 2
        }
      },
      "4": {
        "start": {
          "line": 35,
          "column": 0
        },
        "end": {
          "line": 35,
          "column": 25
        }
      }
    },
    "fnMap": {},
    "branchMap": {},
    "s": {
      "0": 10,
      "1": 10,
      "2": 10,
      "3": 10,
      "4": 10
    },
    "f": {},
    "b": {},
    "_coverageSchema": "1a1c01bbd47fc00a2c39e90264f33305004495a9",
    "hash": "7063e1b9ee18b4c0e6e5dd2a5e2e81ebf5b08d43"
  }
}