{
  "/Users/adamhomefolder/Desktop/html/lambdaSchool/labs/schematicCapture/schematic-capture-fe/src/shared/styles/normalize.js": {
    "path": "/Users/adamhomefolder/Desktop/html/lambdaSchool/labs/schematicCapture/schematic-capture-fe/src/shared/styles/normalize.js",
    "statementMap": {},
    "fnMap": {},
    "branchMap": {},
    "s": {},
    "f": {},
    "b": {},
    "_coverageSchema": "1a1c01bbd47fc00a2c39e90264f33305004495a9",
    "hash": "cb53ae005c6da541887d95d3dd7682fc9be53a71"
  },
  "/Users/adamhomefolder/Desktop/html/lambdaSchool/labs/schematicCapture/schematic-capture-fe/src/shared/styles/index.js": {
    "path": "/Users/adamhomefolder/Desktop/html/lambdaSchool/labs/schematicCapture/schematic-capture-fe/src/shared/styles/index.js",
    "statementMap": {
      "0": {
        "start": {
          "line": 4,
          "column": 21
        },
        "end": {
          "line": 46,
          "column": 1
        }
      },
      "1": {
        "start": {
          "line": 48,
          "column": 20
        },
        "end": {
          "line": 53,
          "column": 1
        }
      },
      "2": {
        "start": {
          "line": 52,
          "column": 16
        },
        "end": {
          "line": 52,
          "column": 40
        }
      },
      "3": {
        "start": {
          "line": 55,
          "column": 21
        },
        "end": {
          "line": 97,
          "column": 1
        }
      },
      "4": {
        "start": {
          "line": 57,
          "column": 4
        },
        "end": {
          "line": 59,
          "column": 15
        }
      },
      "5": {
        "start": {
          "line": 61,
          "column": 4
        },
        "end": {
          "line": 63,
          "column": 15
        }
      },
      "6": {
        "start": {
          "line": 65,
          "column": 4
        },
        "end": {
          "line": 67,
          "column": 15
        }
      },
      "7": {
        "start": {
          "line": 79,
          "column": 41
        },
        "end": {
          "line": 89,
          "column": 3
        }
      },
      "8": {
        "start": {
          "line": 90,
          "column": 31
        },
        "end": {
          "line": 96,
          "column": 1
        }
      }
    },
    "fnMap": {
      "0": {
        "name": "(anonymous_0)",
        "decl": {
          "start": {
            "line": 52,
            "column": 8
          },
          "end": {
            "line": 52,
            "column": 9
          }
        },
        "loc": {
          "start": {
            "line": 52,
            "column": 16
          },
          "end": {
            "line": 52,
            "column": 40
          }
        },
        "line": 52
      },
      "1": {
        "name": "(anonymous_1)",
        "decl": {
          "start": {
            "line": 56,
            "column": 10
          },
          "end": {
            "line": 56,
            "column": 11
          }
        },
        "loc": {
          "start": {
            "line": 57,
            "column": 4
          },
          "end": {
            "line": 59,
            "column": 15
          }
        },
        "line": 57
      },
      "2": {
        "name": "(anonymous_2)",
        "decl": {
          "start": {
            "line": 60,
            "column": 11
          },
          "end": {
            "line": 60,
            "column": 12
          }
        },
        "loc": {
          "start": {
            "line": 61,
            "column": 4
          },
          "end": {
            "line": 63,
            "column": 15
          }
        },
        "line": 61
      },
      "3": {
        "name": "(anonymous_3)",
        "decl": {
          "start": {
            "line": 64,
            "column": 8
          },
          "end": {
            "line": 64,
            "column": 9
          }
        },
        "loc": {
          "start": {
            "line": 65,
            "column": 4
          },
          "end": {
            "line": 67,
            "column": 15
          }
        },
        "line": 65
      },
      "4": {
        "name": "(anonymous_4)",
        "decl": {
          "start": {
            "line": 79,
            "column": 8
          },
          "end": {
            "line": 79,
            "column": 9
          }
        },
        "loc": {
          "start": {
            "line": 79,
            "column": 41
          },
          "end": {
            "line": 89,
            "column": 3
          }
        },
        "line": 79
      },
      "5": {
        "name": "(anonymous_5)",
        "decl": {
          "start": {
            "line": 90,
            "column": 19
          },
          "end": {
            "line": 90,
            "column": 20
          }
        },
        "loc": {
          "start": {
            "line": 90,
            "column": 31
          },
          "end": {
            "line": 96,
            "column": 1
          }
        },
        "line": 90
      }
    },
    "branchMap": {
      "0": {
        "loc": {
          "start": {
            "line": 79,
            "column": 9
          },
          "end": {
            "line": 79,
            "column": 36
          }
        },
        "type": "default-arg",
        "locations": [
          {
            "start": {
              "line": 79,
              "column": 22
            },
            "end": {
              "line": 79,
              "column": 36
            }
          }
        ],
        "line": 79
      }
    },
    "s": {
      "0": 53,
      "1": 53,
      "2": 265,
      "3": 53,
      "4": 159,
      "5": 0,
      "6": 0,
      "7": 53,
      "8": 0
    },
    "f": {
      "0": 265,
      "1": 159,
      "2": 0,
      "3": 0,
      "4": 53,
      "5": 0
    },
    "b": {
      "0": [
        53
      ]
    },
    "_coverageSchema": "1a1c01bbd47fc00a2c39e90264f33305004495a9",
    "hash": "34b64180d603b740cdff50f05824347797f2e04d"
  },
  "/Users/adamhomefolder/Desktop/html/lambdaSchool/labs/schematicCapture/schematic-capture-fe/src/shared/styles/baseStyles.js": {
    "path": "/Users/adamhomefolder/Desktop/html/lambdaSchool/labs/schematicCapture/schematic-capture-fe/src/shared/styles/baseStyles.js",
    "statementMap": {},
    "fnMap": {},
    "branchMap": {},
    "s": {},
    "f": {},
    "b": {},
    "_coverageSchema": "1a1c01bbd47fc00a2c39e90264f33305004495a9",
    "hash": "d393dea17724bd6066295b2232ba1f24eca442a2"
  },
  "/Users/adamhomefolder/Desktop/html/lambdaSchool/labs/schematicCapture/schematic-capture-fe/src/App/Styles/index.js": {
    "path": "/Users/adamhomefolder/Desktop/html/lambdaSchool/labs/schematicCapture/schematic-capture-fe/src/App/Styles/index.js",
    "statementMap": {
      "0": {
        "start": {
          "line": 3,
          "column": 21
        },
        "end": {
          "line": 7,
          "column": 1
        }
      },
      "1": {
        "start": {
          "line": 9,
          "column": 20
        },
        "end": {
          "line": 13,
          "column": 1
        }
      }
    },
    "fnMap": {},
    "branchMap": {},
    "s": {
      "0": 53,
      "1": 53
    },
    "f": {},
    "b": {},
    "_coverageSchema": "1a1c01bbd47fc00a2c39e90264f33305004495a9",
    "hash": "a08379cef048fa59516b9df4b3a8f86f06c92588"
  },
  "/Users/adamhomefolder/Desktop/html/lambdaSchool/labs/schematicCapture/schematic-capture-fe/src/shared/components/Styles/BackToLink-Styles.js": {
    "path": "/Users/adamhomefolder/Desktop/html/lambdaSchool/labs/schematicCapture/schematic-capture-fe/src/shared/components/Styles/BackToLink-Styles.js",
    "statementMap": {
      "0": {
        "start": {
          "line": 6,
          "column": 26
        },
        "end": {
          "line": 21,
          "column": 1
        }
      }
    },
    "fnMap": {},
    "branchMap": {},
    "s": {
      "0": 53
    },
    "f": {},
    "b": {},
    "_coverageSchema": "1a1c01bbd47fc00a2c39e90264f33305004495a9",
    "hash": "242e187b2ff8e4e4f6bf6f164f15af9e9fafc9aa"
  },
  "/Users/adamhomefolder/Desktop/html/lambdaSchool/labs/schematicCapture/schematic-capture-fe/src/shared/assets/chevron-left-icon.js": {
    "path": "/Users/adamhomefolder/Desktop/html/lambdaSchool/labs/schematicCapture/schematic-capture-fe/src/shared/assets/chevron-left-icon.js",
    "statementMap": {
      "0": {
        "start": {
          "line": 4,
          "column": 2
        },
        "end": {
          "line": 24,
          "column": 4
        }
      }
    },
    "fnMap": {
      "0": {
        "name": "(anonymous_0)",
        "decl": {
          "start": {
            "line": 3,
            "column": 15
          },
          "end": {
            "line": 3,
            "column": 16
          }
        },
        "loc": {
          "start": {
            "line": 3,
            "column": 21
          },
          "end": {
            "line": 25,
            "column": 1
          }
        },
        "line": 3
      }
    },
    "branchMap": {},
    "s": {
      "0": 237
    },
    "f": {
      "0": 237
    },
    "b": {},
    "_coverageSchema": "1a1c01bbd47fc00a2c39e90264f33305004495a9",
    "hash": "0028569a7a4f6bc04a6ad2da6d90ea16c202be27"
  },
  "/Users/adamhomefolder/Desktop/html/lambdaSchool/labs/schematicCapture/schematic-capture-fe/src/shared/components/Components/BackToLink.js": {
    "path": "/Users/adamhomefolder/Desktop/html/lambdaSchool/labs/schematicCapture/schematic-capture-fe/src/shared/components/Components/BackToLink.js",
    "statementMap": {
      "0": {
        "start": {
          "line": 7,
          "column": 19
        },
        "end": {
          "line": 12,
          "column": 1
        }
      },
      "1": {
        "start": {
          "line": 8,
          "column": 2
        },
        "end": {
          "line": 11,
          "column": 15
        }
      }
    },
    "fnMap": {
      "0": {
        "name": "(anonymous_0)",
        "decl": {
          "start": {
            "line": 7,
            "column": 19
          },
          "end": {
            "line": 7,
            "column": 20
          }
        },
        "loc": {
          "start": {
            "line": 8,
            "column": 2
          },
          "end": {
            "line": 11,
            "column": 15
          }
        },
        "line": 8
      }
    },
    "branchMap": {},
    "s": {
      "0": 53,
      "1": 237
    },
    "f": {
      "0": 237
    },
    "b": {},
    "_coverageSchema": "1a1c01bbd47fc00a2c39e90264f33305004495a9",
    "hash": "714ad45f17b57f82aac51ebecd65e32ca470d7d8"
  },
  "/Users/adamhomefolder/Desktop/html/lambdaSchool/labs/schematicCapture/schematic-capture-fe/src/shared/components/Styles/Button-Styles.js": {
    "path": "/Users/adamhomefolder/Desktop/html/lambdaSchool/labs/schematicCapture/schematic-capture-fe/src/shared/components/Styles/Button-Styles.js",
    "statementMap": {
      "0": {
        "start": {
          "line": 6,
          "column": 27
        },
        "end": {
          "line": 61,
          "column": 1
        }
      },
      "1": {
        "start": {
          "line": 25,
          "column": 4
        },
        "end": {
          "line": 28,
          "column": 3
        }
      },
      "2": {
        "start": {
          "line": 31,
          "column": 4
        },
        "end": {
          "line": 31,
          "column": 69
        }
      },
      "3": {
        "start": {
          "line": 34,
          "column": 4
        },
        "end": {
          "line": 34,
          "column": 72
        }
      },
      "4": {
        "start": {
          "line": 37,
          "column": 4
        },
        "end": {
          "line": 37,
          "column": 71
        }
      },
      "5": {
        "start": {
          "line": 51,
          "column": 6
        },
        "end": {
          "line": 54,
          "column": 17
        }
      },
      "6": {
        "start": {
          "line": 56,
          "column": 6
        },
        "end": {
          "line": 59,
          "column": 17
        }
      },
      "7": {
        "start": {
          "line": 63,
          "column": 28
        },
        "end": {
          "line": 65,
          "column": 1
        }
      }
    },
    "fnMap": {
      "0": {
        "name": "(anonymous_0)",
        "decl": {
          "start": {
            "line": 24,
            "column": 4
          },
          "end": {
            "line": 24,
            "column": 5
          }
        },
        "loc": {
          "start": {
            "line": 25,
            "column": 4
          },
          "end": {
            "line": 28,
            "column": 3
          }
        },
        "line": 25
      },
      "1": {
        "name": "(anonymous_1)",
        "decl": {
          "start": {
            "line": 30,
            "column": 22
          },
          "end": {
            "line": 30,
            "column": 23
          }
        },
        "loc": {
          "start": {
            "line": 31,
            "column": 4
          },
          "end": {
            "line": 31,
            "column": 69
          }
        },
        "line": 31
      },
      "2": {
        "name": "(anonymous_2)",
        "decl": {
          "start": {
            "line": 33,
            "column": 11
          },
          "end": {
            "line": 33,
            "column": 12
          }
        },
        "loc": {
          "start": {
            "line": 34,
            "column": 4
          },
          "end": {
            "line": 34,
            "column": 72
          }
        },
        "line": 34
      },
      "3": {
        "name": "(anonymous_3)",
        "decl": {
          "start": {
            "line": 36,
            "column": 18
          },
          "end": {
            "line": 36,
            "column": 19
          }
        },
        "loc": {
          "start": {
            "line": 37,
            "column": 4
          },
          "end": {
            "line": 37,
            "column": 71
          }
        },
        "line": 37
      },
      "4": {
        "name": "(anonymous_4)",
        "decl": {
          "start": {
            "line": 50,
            "column": 24
          },
          "end": {
            "line": 50,
            "column": 25
          }
        },
        "loc": {
          "start": {
            "line": 51,
            "column": 6
          },
          "end": {
            "line": 54,
            "column": 17
          }
        },
        "line": 51
      },
      "5": {
        "name": "(anonymous_5)",
        "decl": {
          "start": {
            "line": 55,
            "column": 20
          },
          "end": {
            "line": 55,
            "column": 21
          }
        },
        "loc": {
          "start": {
            "line": 56,
            "column": 6
          },
          "end": {
            "line": 59,
            "column": 17
          }
        },
        "line": 56
      }
    },
    "branchMap": {
      "0": {
        "loc": {
          "start": {
            "line": 25,
            "column": 4
          },
          "end": {
            "line": 28,
            "column": 3
          }
        },
        "type": "binary-expr",
        "locations": [
          {
            "start": {
              "line": 25,
              "column": 4
            },
            "end": {
              "line": 25,
              "column": 18
            }
          },
          {
            "start": {
              "line": 26,
              "column": 4
            },
            "end": {
              "line": 28,
              "column": 3
            }
          }
        ],
        "line": 25
      },
      "1": {
        "loc": {
          "start": {
            "line": 31,
            "column": 4
          },
          "end": {
            "line": 31,
            "column": 69
          }
        },
        "type": "cond-expr",
        "locations": [
          {
            "start": {
              "line": 31,
              "column": 40
            },
            "end": {
              "line": 31,
              "column": 53
            }
          },
          {
            "start": {
              "line": 31,
              "column": 56
            },
            "end": {
              "line": 31,
              "column": 69
            }
          }
        ],
        "line": 31
      },
      "2": {
        "loc": {
          "start": {
            "line": 31,
            "column": 4
          },
          "end": {
            "line": 31,
            "column": 37
          }
        },
        "type": "binary-expr",
        "locations": [
          {
            "start": {
              "line": 31,
              "column": 4
            },
            "end": {
              "line": 31,
              "column": 12
            }
          },
          {
            "start": {
              "line": 31,
              "column": 16
            },
            "end": {
              "line": 31,
              "column": 37
            }
          }
        ],
        "line": 31
      },
      "3": {
        "loc": {
          "start": {
            "line": 34,
            "column": 4
          },
          "end": {
            "line": 34,
            "column": 72
          }
        },
        "type": "cond-expr",
        "locations": [
          {
            "start": {
              "line": 34,
              "column": 40
            },
            "end": {
              "line": 34,
              "column": 55
            }
          },
          {
            "start": {
              "line": 34,
              "column": 58
            },
            "end": {
              "line": 34,
              "column": 72
            }
          }
        ],
        "line": 34
      },
      "4": {
        "loc": {
          "start": {
            "line": 34,
            "column": 4
          },
          "end": {
            "line": 34,
            "column": 37
          }
        },
        "type": "binary-expr",
        "locations": [
          {
            "start": {
              "line": 34,
              "column": 4
            },
            "end": {
              "line": 34,
              "column": 12
            }
          },
          {
            "start": {
              "line": 34,
              "column": 16
            },
            "end": {
              "line": 34,
              "column": 37
            }
          }
        ],
        "line": 34
      },
      "5": {
        "loc": {
          "start": {
            "line": 37,
            "column": 4
          },
          "end": {
            "line": 37,
            "column": 71
          }
        },
        "type": "cond-expr",
        "locations": [
          {
            "start": {
              "line": 37,
              "column": 40
            },
            "end": {
              "line": 37,
              "column": 53
            }
          },
          {
            "start": {
              "line": 37,
              "column": 56
            },
            "end": {
              "line": 37,
              "column": 71
            }
          }
        ],
        "line": 37
      },
      "6": {
        "loc": {
          "start": {
            "line": 37,
            "column": 4
          },
          "end": {
            "line": 37,
            "column": 37
          }
        },
        "type": "binary-expr",
        "locations": [
          {
            "start": {
              "line": 37,
              "column": 4
            },
            "end": {
              "line": 37,
              "column": 12
            }
          },
          {
            "start": {
              "line": 37,
              "column": 16
            },
            "end": {
              "line": 37,
              "column": 37
            }
          }
        ],
        "line": 37
      },
      "7": {
        "loc": {
          "start": {
            "line": 51,
            "column": 6
          },
          "end": {
            "line": 54,
            "column": 17
          }
        },
        "type": "binary-expr",
        "locations": [
          {
            "start": {
              "line": 51,
              "column": 6
            },
            "end": {
              "line": 51,
              "column": 27
            }
          },
          {
            "start": {
              "line": 52,
              "column": 6
            },
            "end": {
              "line": 54,
              "column": 17
            }
          }
        ],
        "line": 51
      },
      "8": {
        "loc": {
          "start": {
            "line": 56,
            "column": 6
          },
          "end": {
            "line": 59,
            "column": 17
          }
        },
        "type": "binary-expr",
        "locations": [
          {
            "start": {
              "line": 56,
              "column": 6
            },
            "end": {
              "line": 56,
              "column": 29
            }
          },
          {
            "start": {
              "line": 57,
              "column": 6
            },
            "end": {
              "line": 59,
              "column": 17
            }
          }
        ],
        "line": 56
      }
    },
    "s": {
      "0": 53,
      "1": 0,
      "2": 0,
      "3": 0,
      "4": 0,
      "5": 0,
      "6": 0,
      "7": 53
    },
    "f": {
      "0": 0,
      "1": 0,
      "2": 0,
      "3": 0,
      "4": 0,
      "5": 0
    },
    "b": {
      "0": [
        0,
        0
      ],
      "1": [
        0,
        0
      ],
      "2": [
        0,
        0
      ],
      "3": [
        0,
        0
      ],
      "4": [
        0,
        0
      ],
      "5": [
        0,
        0
      ],
      "6": [
        0,
        0
      ],
      "7": [
        0,
        0
      ],
      "8": [
        0,
        0
      ]
    },
    "_coverageSchema": "1a1c01bbd47fc00a2c39e90264f33305004495a9",
    "hash": "56ecdd61d2a6f9284fa92ff600c755f41366495a"
  },
  "/Users/adamhomefolder/Desktop/html/lambdaSchool/labs/schematicCapture/schematic-capture-fe/src/shared/components/Components/Button.js": {
    "path": "/Users/adamhomefolder/Desktop/html/lambdaSchool/labs/schematicCapture/schematic-capture-fe/src/shared/components/Components/Button.js",
    "statementMap": {
      "0": {
        "start": {
          "line": 5,
          "column": 15
        },
        "end": {
          "line": 7,
          "column": 1
        }
      },
      "1": {
        "start": {
          "line": 6,
          "column": 2
        },
        "end": {
          "line": 6,
          "column": 55
        }
      }
    },
    "fnMap": {
      "0": {
        "name": "(anonymous_0)",
        "decl": {
          "start": {
            "line": 5,
            "column": 15
          },
          "end": {
            "line": 5,
            "column": 16
          }
        },
        "loc": {
          "start": {
            "line": 5,
            "column": 38
          },
          "end": {
            "line": 7,
            "column": 1
          }
        },
        "line": 5
      }
    },
    "branchMap": {},
    "s": {
      "0": 53,
      "1": 0
    },
    "f": {
      "0": 0
    },
    "b": {},
    "_coverageSchema": "1a1c01bbd47fc00a2c39e90264f33305004495a9",
    "hash": "b9c522ffbdbbbfba645621f2f1bccc3e97a9367b"
  },
  "/Users/adamhomefolder/Desktop/html/lambdaSchool/labs/schematicCapture/schematic-capture-fe/src/shared/components/Components/Fields.js": {
    "path": "/Users/adamhomefolder/Desktop/html/lambdaSchool/labs/schematicCapture/schematic-capture-fe/src/shared/components/Components/Fields.js",
    "statementMap": {
      "0": {
        "start": {
          "line": 6,
          "column": 15
        },
        "end": {
          "line": 44,
          "column": 1
        }
      },
      "1": {
        "start": {
          "line": 7,
          "column": 39
        },
        "end": {
          "line": 7,
          "column": 44
        }
      },
      "2": {
        "start": {
          "line": 8,
          "column": 2
        },
        "end": {
          "line": 43,
          "column": 4
        }
      },
      "3": {
        "start": {
          "line": 11,
          "column": 60
        },
        "end": {
          "line": 11,
          "column": 70
        }
      },
      "4": {
        "start": {
          "line": 12,
          "column": 8
        },
        "end": {
          "line": 40,
          "column": 9
        }
      },
      "5": {
        "start": {
          "line": 14,
          "column": 12
        },
        "end": {
          "line": 25,
          "column": 14
        }
      },
      "6": {
        "start": {
          "line": 18,
          "column": 20
        },
        "end": {
          "line": 20,
          "column": 29
        }
      },
      "7": {
        "start": {
          "line": 27,
          "column": 12
        },
        "end": {
          "line": 32,
          "column": 14
        }
      },
      "8": {
        "start": {
          "line": 34,
          "column": 12
        },
        "end": {
          "line": 39,
          "column": 14
        }
      }
    },
    "fnMap": {
      "0": {
        "name": "(anonymous_0)",
        "decl": {
          "start": {
            "line": 6,
            "column": 15
          },
          "end": {
            "line": 6,
            "column": 16
          }
        },
        "loc": {
          "start": {
            "line": 6,
            "column": 24
          },
          "end": {
            "line": 44,
            "column": 1
          }
        },
        "line": 6
      },
      "1": {
        "name": "(anonymous_1)",
        "decl": {
          "start": {
            "line": 10,
            "column": 18
          },
          "end": {
            "line": 10,
            "column": 19
          }
        },
        "loc": {
          "start": {
            "line": 10,
            "column": 37
          },
          "end": {
            "line": 41,
            "column": 7
          }
        },
        "line": 10
      },
      "2": {
        "name": "(anonymous_2)",
        "decl": {
          "start": {
            "line": 17,
            "column": 31
          },
          "end": {
            "line": 17,
            "column": 32
          }
        },
        "loc": {
          "start": {
            "line": 18,
            "column": 20
          },
          "end": {
            "line": 20,
            "column": 29
          }
        },
        "line": 18
      }
    },
    "branchMap": {
      "0": {
        "loc": {
          "start": {
            "line": 12,
            "column": 8
          },
          "end": {
            "line": 40,
            "column": 9
          }
        },
        "type": "switch",
        "locations": [
          {
            "start": {
              "line": 13,
              "column": 10
            },
            "end": {
              "line": 25,
              "column": 14
            }
          },
          {
            "start": {
              "line": 26,
              "column": 10
            },
            "end": {
              "line": 32,
              "column": 14
            }
          },
          {
            "start": {
              "line": 33,
              "column": 10
            },
            "end": {
              "line": 39,
              "column": 14
            }
          }
        ],
        "line": 12
      },
      "1": {
        "loc": {
          "start": {
            "line": 23,
            "column": 17
          },
          "end": {
            "line": 23,
            "column": 75
          }
        },
        "type": "binary-expr",
        "locations": [
          {
            "start": {
              "line": 23,
              "column": 17
            },
            "end": {
              "line": 23,
              "column": 40
            }
          },
          {
            "start": {
              "line": 23,
              "column": 44
            },
            "end": {
              "line": 23,
              "column": 75
            }
          }
        ],
        "line": 23
      },
      "2": {
        "loc": {
          "start": {
            "line": 30,
            "column": 17
          },
          "end": {
            "line": 30,
            "column": 75
          }
        },
        "type": "binary-expr",
        "locations": [
          {
            "start": {
              "line": 30,
              "column": 17
            },
            "end": {
              "line": 30,
              "column": 40
            }
          },
          {
            "start": {
              "line": 30,
              "column": 44
            },
            "end": {
              "line": 30,
              "column": 75
            }
          }
        ],
        "line": 30
      },
      "3": {
        "loc": {
          "start": {
            "line": 37,
            "column": 17
          },
          "end": {
            "line": 37,
            "column": 75
          }
        },
        "type": "binary-expr",
        "locations": [
          {
            "start": {
              "line": 37,
              "column": 17
            },
            "end": {
              "line": 37,
              "column": 40
            }
          },
          {
            "start": {
              "line": 37,
              "column": 44
            },
            "end": {
              "line": 37,
              "column": 75
            }
          }
        ],
        "line": 37
      }
    },
    "s": {
      "0": 53,
      "1": 0,
      "2": 0,
      "3": 0,
      "4": 0,
      "5": 0,
      "6": 0,
      "7": 0,
      "8": 0
    },
    "f": {
      "0": 0,
      "1": 0,
      "2": 0
    },
    "b": {
      "0": [
        0,
        0,
        0
      ],
      "1": [
        0,
        0
      ],
      "2": [
        0,
        0
      ],
      "3": [
        0,
        0
      ]
    },
    "_coverageSchema": "1a1c01bbd47fc00a2c39e90264f33305004495a9",
    "hash": "7aa7742a819f68f25d08bbe3aad701606f49f2f9"
  },
  "/Users/adamhomefolder/Desktop/html/lambdaSchool/labs/schematicCapture/schematic-capture-fe/src/shared/components/Components/Form.js": {
    "path": "/Users/adamhomefolder/Desktop/html/lambdaSchool/labs/schematicCapture/schematic-capture-fe/src/shared/components/Components/Form.js",
    "statementMap": {
      "0": {
        "start": {
          "line": 7,
          "column": 13
        },
        "end": {
          "line": 48,
          "column": 1
        }
      },
      "1": {
        "start": {
          "line": 8,
          "column": 52
        },
        "end": {
          "line": 8,
          "column": 57
        }
      },
      "2": {
        "start": {
          "line": 9,
          "column": 45
        },
        "end": {
          "line": 9,
          "column": 54
        }
      },
      "3": {
        "start": {
          "line": 11,
          "column": 2
        },
        "end": {
          "line": 47,
          "column": 4
        }
      },
      "4": {
        "start": {
          "line": 14,
          "column": 53
        },
        "end": {
          "line": 14,
          "column": 63
        }
      },
      "5": {
        "start": {
          "line": 15,
          "column": 8
        },
        "end": {
          "line": 43,
          "column": 9
        }
      },
      "6": {
        "start": {
          "line": 17,
          "column": 12
        },
        "end": {
          "line": 28,
          "column": 14
        }
      },
      "7": {
        "start": {
          "line": 21,
          "column": 20
        },
        "end": {
          "line": 23,
          "column": 29
        }
      },
      "8": {
        "start": {
          "line": 30,
          "column": 12
        },
        "end": {
          "line": 35,
          "column": 14
        }
      },
      "9": {
        "start": {
          "line": 37,
          "column": 12
        },
        "end": {
          "line": 42,
          "column": 14
        }
      }
    },
    "fnMap": {
      "0": {
        "name": "(anonymous_0)",
        "decl": {
          "start": {
            "line": 7,
            "column": 13
          },
          "end": {
            "line": 7,
            "column": 14
          }
        },
        "loc": {
          "start": {
            "line": 7,
            "column": 22
          },
          "end": {
            "line": 48,
            "column": 1
          }
        },
        "line": 7
      },
      "1": {
        "name": "(anonymous_1)",
        "decl": {
          "start": {
            "line": 13,
            "column": 18
          },
          "end": {
            "line": 13,
            "column": 19
          }
        },
        "loc": {
          "start": {
            "line": 13,
            "column": 37
          },
          "end": {
            "line": 44,
            "column": 7
          }
        },
        "line": 13
      },
      "2": {
        "name": "(anonymous_2)",
        "decl": {
          "start": {
            "line": 20,
            "column": 31
          },
          "end": {
            "line": 20,
            "column": 32
          }
        },
        "loc": {
          "start": {
            "line": 21,
            "column": 20
          },
          "end": {
            "line": 23,
            "column": 29
          }
        },
        "line": 21
      }
    },
    "branchMap": {
      "0": {
        "loc": {
          "start": {
            "line": 15,
            "column": 8
          },
          "end": {
            "line": 43,
            "column": 9
          }
        },
        "type": "switch",
        "locations": [
          {
            "start": {
              "line": 16,
              "column": 10
            },
            "end": {
              "line": 28,
              "column": 14
            }
          },
          {
            "start": {
              "line": 29,
              "column": 10
            },
            "end": {
              "line": 35,
              "column": 14
            }
          },
          {
            "start": {
              "line": 36,
              "column": 10
            },
            "end": {
              "line": 42,
              "column": 14
            }
          }
        ],
        "line": 15
      },
      "1": {
        "loc": {
          "start": {
            "line": 26,
            "column": 17
          },
          "end": {
            "line": 26,
            "column": 75
          }
        },
        "type": "binary-expr",
        "locations": [
          {
            "start": {
              "line": 26,
              "column": 17
            },
            "end": {
              "line": 26,
              "column": 40
            }
          },
          {
            "start": {
              "line": 26,
              "column": 44
            },
            "end": {
              "line": 26,
              "column": 75
            }
          }
        ],
        "line": 26
      },
      "2": {
        "loc": {
          "start": {
            "line": 33,
            "column": 17
          },
          "end": {
            "line": 33,
            "column": 75
          }
        },
        "type": "binary-expr",
        "locations": [
          {
            "start": {
              "line": 33,
              "column": 17
            },
            "end": {
              "line": 33,
              "column": 40
            }
          },
          {
            "start": {
              "line": 33,
              "column": 44
            },
            "end": {
              "line": 33,
              "column": 75
            }
          }
        ],
        "line": 33
      },
      "3": {
        "loc": {
          "start": {
            "line": 40,
            "column": 17
          },
          "end": {
            "line": 40,
            "column": 75
          }
        },
        "type": "binary-expr",
        "locations": [
          {
            "start": {
              "line": 40,
              "column": 17
            },
            "end": {
              "line": 40,
              "column": 40
            }
          },
          {
            "start": {
              "line": 40,
              "column": 44
            },
            "end": {
              "line": 40,
              "column": 75
            }
          }
        ],
        "line": 40
      }
    },
    "s": {
      "0": 53,
      "1": 0,
      "2": 0,
      "3": 0,
      "4": 0,
      "5": 0,
      "6": 0,
      "7": 0,
      "8": 0,
      "9": 0
    },
    "f": {
      "0": 0,
      "1": 0,
      "2": 0
    },
    "b": {
      "0": [
        0,
        0,
        0
      ],
      "1": [
        0,
        0
      ],
      "2": [
        0,
        0
      ],
      "3": [
        0,
        0
      ]
    },
    "_coverageSchema": "1a1c01bbd47fc00a2c39e90264f33305004495a9",
    "hash": "d553255e853a67eb35ea905c1043a604b8cd32f5"
  },
  "/Users/adamhomefolder/Desktop/html/lambdaSchool/labs/schematicCapture/schematic-capture-fe/src/shared/components/Styles/Input-Styles.js": {
    "path": "/Users/adamhomefolder/Desktop/html/lambdaSchool/labs/schematicCapture/schematic-capture-fe/src/shared/components/Styles/Input-Styles.js",
    "statementMap": {
      "0": {
        "start": {
          "line": 5,
          "column": 27
        },
        "end": {
          "line": 5,
          "column": 39
        }
      },
      "1": {
        "start": {
          "line": 7,
          "column": 26
        },
        "end": {
          "line": 7,
          "column": 36
        }
      },
      "2": {
        "start": {
          "line": 9,
          "column": 26
        },
        "end": {
          "line": 28,
          "column": 1
        }
      }
    },
    "fnMap": {},
    "branchMap": {},
    "s": {
      "0": 53,
      "1": 53,
      "2": 53
    },
    "f": {},
    "b": {},
    "_coverageSchema": "1a1c01bbd47fc00a2c39e90264f33305004495a9",
    "hash": "b9d042368643b46f83d34a4c8b88164232735f2e"
  },
  "/Users/adamhomefolder/Desktop/html/lambdaSchool/labs/schematicCapture/schematic-capture-fe/src/shared/components/Components/Input.js": {
    "path": "/Users/adamhomefolder/Desktop/html/lambdaSchool/labs/schematicCapture/schematic-capture-fe/src/shared/components/Components/Input.js",
    "statementMap": {
      "0": {
        "start": {
          "line": 5,
          "column": 14
        },
        "end": {
          "line": 14,
          "column": 2
        }
      },
      "1": {
        "start": {
          "line": 6,
          "column": 39
        },
        "end": {
          "line": 6,
          "column": 44
        }
      },
      "2": {
        "start": {
          "line": 8,
          "column": 2
        },
        "end": {
          "line": 13,
          "column": 4
        }
      }
    },
    "fnMap": {
      "0": {
        "name": "(anonymous_0)",
        "decl": {
          "start": {
            "line": 5,
            "column": 25
          },
          "end": {
            "line": 5,
            "column": 26
          }
        },
        "loc": {
          "start": {
            "line": 5,
            "column": 41
          },
          "end": {
            "line": 14,
            "column": 1
          }
        },
        "line": 5
      }
    },
    "branchMap": {
      "0": {
        "loc": {
          "start": {
            "line": 10,
            "column": 7
          },
          "end": {
            "line": 10,
            "column": 51
          }
        },
        "type": "binary-expr",
        "locations": [
          {
            "start": {
              "line": 10,
              "column": 7
            },
            "end": {
              "line": 10,
              "column": 11
            }
          },
          {
            "start": {
              "line": 10,
              "column": 15
            },
            "end": {
              "line": 10,
              "column": 51
            }
          }
        ],
        "line": 10
      }
    },
    "s": {
      "0": 53,
      "1": 0,
      "2": 0
    },
    "f": {
      "0": 0
    },
    "b": {
      "0": [
        0,
        0
      ]
    },
    "_coverageSchema": "1a1c01bbd47fc00a2c39e90264f33305004495a9",
    "hash": "cf201dd01433b3a6e7b289d272ad45363466e58e"
  },
  "/Users/adamhomefolder/Desktop/html/lambdaSchool/labs/schematicCapture/schematic-capture-fe/src/shared/components/Styles/PageError-Styles.js": {
    "path": "/Users/adamhomefolder/Desktop/html/lambdaSchool/labs/schematicCapture/schematic-capture-fe/src/shared/components/Styles/PageError-Styles.js",
    "statementMap": {
      "0": {
        "start": {
          "line": 5,
          "column": 25
        },
        "end": {
          "line": 8,
          "column": 1
        }
      },
      "1": {
        "start": {
          "line": 10,
          "column": 30
        },
        "end": {
          "line": 13,
          "column": 1
        }
      },
      "2": {
        "start": {
          "line": 15,
          "column": 21
        },
        "end": {
          "line": 17,
          "column": 1
        }
      }
    },
    "fnMap": {},
    "branchMap": {},
    "s": {
      "0": 53,
      "1": 53,
      "2": 53
    },
    "f": {},
    "b": {},
    "_coverageSchema": "1a1c01bbd47fc00a2c39e90264f33305004495a9",
    "hash": "2dc5a4ed97f029efbb624efa0f2016e6fa1a2a31"
  },
  "/Users/adamhomefolder/Desktop/html/lambdaSchool/labs/schematicCapture/schematic-capture-fe/src/shared/components/Components/PageError.js": {
    "path": "/Users/adamhomefolder/Desktop/html/lambdaSchool/labs/schematicCapture/schematic-capture-fe/src/shared/components/Components/PageError.js",
    "statementMap": {
      "0": {
        "start": {
          "line": 5,
          "column": 18
        },
        "end": {
          "line": 12,
          "column": 1
        }
      },
      "1": {
        "start": {
          "line": 6,
          "column": 2
        },
        "end": {
          "line": 11,
          "column": 14
        }
      }
    },
    "fnMap": {
      "0": {
        "name": "(anonymous_0)",
        "decl": {
          "start": {
            "line": 5,
            "column": 18
          },
          "end": {
            "line": 5,
            "column": 19
          }
        },
        "loc": {
          "start": {
            "line": 6,
            "column": 2
          },
          "end": {
            "line": 11,
            "column": 14
          }
        },
        "line": 6
      }
    },
    "branchMap": {},
    "s": {
      "0": 53,
      "1": 0
    },
    "f": {
      "0": 0
    },
    "b": {},
    "_coverageSchema": "1a1c01bbd47fc00a2c39e90264f33305004495a9",
    "hash": "4c172499f7840f6d39cfefa0bd25b4ef7c094783"
  },
  "/Users/adamhomefolder/Desktop/html/lambdaSchool/labs/schematicCapture/schematic-capture-fe/src/shared/components/Components/Spinner.js": {
    "path": "/Users/adamhomefolder/Desktop/html/lambdaSchool/labs/schematicCapture/schematic-capture-fe/src/shared/components/Components/Spinner.js",
    "statementMap": {
      "0": {
        "start": {
          "line": 3,
          "column": 16
        },
        "end": {
          "line": 83,
          "column": 1
        }
      },
      "1": {
        "start": {
          "line": 4,
          "column": 2
        },
        "end": {
          "line": 82,
          "column": 9
        }
      }
    },
    "fnMap": {
      "0": {
        "name": "(anonymous_0)",
        "decl": {
          "start": {
            "line": 3,
            "column": 16
          },
          "end": {
            "line": 3,
            "column": 17
          }
        },
        "loc": {
          "start": {
            "line": 4,
            "column": 2
          },
          "end": {
            "line": 82,
            "column": 9
          }
        },
        "line": 4
      }
    },
    "branchMap": {},
    "s": {
      "0": 53,
      "1": 74
    },
    "f": {
      "0": 74
    },
    "b": {},
    "_coverageSchema": "1a1c01bbd47fc00a2c39e90264f33305004495a9",
    "hash": "5a6f41704e2dedc84cb9c11c50e33696b89fdca4"
  },
  "/Users/adamhomefolder/Desktop/html/lambdaSchool/labs/schematicCapture/schematic-capture-fe/src/shared/components/Styles/PageLoader-Styles.js": {
    "path": "/Users/adamhomefolder/Desktop/html/lambdaSchool/labs/schematicCapture/schematic-capture-fe/src/shared/components/Styles/PageLoader-Styles.js",
    "statementMap": {},
    "fnMap": {},
    "branchMap": {},
    "s": {},
    "f": {},
    "b": {},
    "_coverageSchema": "1a1c01bbd47fc00a2c39e90264f33305004495a9",
    "hash": "40b83a21f5a725e55ef6443bbd19350bc63496c0"
  },
  "/Users/adamhomefolder/Desktop/html/lambdaSchool/labs/schematicCapture/schematic-capture-fe/src/shared/components/Components/PageLoader.js": {
    "path": "/Users/adamhomefolder/Desktop/html/lambdaSchool/labs/schematicCapture/schematic-capture-fe/src/shared/components/Components/PageLoader.js",
    "statementMap": {
      "0": {
        "start": {
          "line": 7,
          "column": 19
        },
        "end": {
          "line": 11,
          "column": 1
        }
      },
      "1": {
        "start": {
          "line": 8,
          "column": 2
        },
        "end": {
          "line": 10,
          "column": 21
        }
      }
    },
    "fnMap": {
      "0": {
        "name": "(anonymous_0)",
        "decl": {
          "start": {
            "line": 7,
            "column": 19
          },
          "end": {
            "line": 7,
            "column": 20
          }
        },
        "loc": {
          "start": {
            "line": 8,
            "column": 2
          },
          "end": {
            "line": 10,
            "column": 21
          }
        },
        "line": 8
      }
    },
    "branchMap": {},
    "s": {
      "0": 53,
      "1": 74
    },
    "f": {
      "0": 74
    },
    "b": {},
    "_coverageSchema": "1a1c01bbd47fc00a2c39e90264f33305004495a9",
    "hash": "e0709cad2d2aee129e0578f0fd71f885ee14e7da"
  },
  "/Users/adamhomefolder/Desktop/html/lambdaSchool/labs/schematicCapture/schematic-capture-fe/src/shared/components/Styles/TextArea-Styles.js": {
    "path": "/Users/adamhomefolder/Desktop/html/lambdaSchool/labs/schematicCapture/schematic-capture-fe/src/shared/components/Styles/TextArea-Styles.js",
    "statementMap": {
      "0": {
        "start": {
          "line": 4,
          "column": 30
        },
        "end": {
          "line": 4,
          "column": 56
        }
      }
    },
    "fnMap": {},
    "branchMap": {},
    "s": {
      "0": 53
    },
    "f": {},
    "b": {},
    "_coverageSchema": "1a1c01bbd47fc00a2c39e90264f33305004495a9",
    "hash": "e5d7fbc6649dc1846cb3563406d1e3b36eb97715"
  },
  "/Users/adamhomefolder/Desktop/html/lambdaSchool/labs/schematicCapture/schematic-capture-fe/src/shared/components/Components/TextArea.js": {
    "path": "/Users/adamhomefolder/Desktop/html/lambdaSchool/labs/schematicCapture/schematic-capture-fe/src/shared/components/Components/TextArea.js",
    "statementMap": {
      "0": {
        "start": {
          "line": 4,
          "column": 17
        },
        "end": {
          "line": 7,
          "column": 2
        }
      },
      "1": {
        "start": {
          "line": 5,
          "column": 2
        },
        "end": {
          "line": 5,
          "column": 21
        }
      },
      "2": {
        "start": {
          "line": 6,
          "column": 2
        },
        "end": {
          "line": 6,
          "column": 54
        }
      }
    },
    "fnMap": {
      "0": {
        "name": "(anonymous_0)",
        "decl": {
          "start": {
            "line": 4,
            "column": 28
          },
          "end": {
            "line": 4,
            "column": 29
          }
        },
        "loc": {
          "start": {
            "line": 4,
            "column": 44
          },
          "end": {
            "line": 7,
            "column": 1
          }
        },
        "line": 4
      }
    },
    "branchMap": {},
    "s": {
      "0": 53,
      "1": 0,
      "2": 0
    },
    "f": {
      "0": 0
    },
    "b": {},
    "_coverageSchema": "1a1c01bbd47fc00a2c39e90264f33305004495a9",
    "hash": "1604fbfc878d2895f289d2103fe51ba1fab988d0"
  },
  "/Users/adamhomefolder/Desktop/html/lambdaSchool/labs/schematicCapture/schematic-capture-fe/src/shared/components/index.js": {
    "path": "/Users/adamhomefolder/Desktop/html/lambdaSchool/labs/schematicCapture/schematic-capture-fe/src/shared/components/index.js",
    "statementMap": {},
    "fnMap": {},
    "branchMap": {},
    "s": {},
    "f": {},
    "b": {},
    "_coverageSchema": "1a1c01bbd47fc00a2c39e90264f33305004495a9",
    "hash": "493ad207b285faf4f0378c67e58bb04b6382a18b"
  },
  "/Users/adamhomefolder/Desktop/html/lambdaSchool/labs/schematicCapture/schematic-capture-fe/src/shared/actions/appActions.js": {
    "path": "/Users/adamhomefolder/Desktop/html/lambdaSchool/labs/schematicCapture/schematic-capture-fe/src/shared/actions/appActions.js",
    "statementMap": {
      "0": {
        "start": {
          "line": 1,
          "column": 20
        },
        "end": {
          "line": 1,
          "column": 33
        }
      },
      "1": {
        "start": {
          "line": 2,
          "column": 25
        },
        "end": {
          "line": 2,
          "column": 43
        }
      },
      "2": {
        "start": {
          "line": 3,
          "column": 18
        },
        "end": {
          "line": 3,
          "column": 29
        }
      },
      "3": {
        "start": {
          "line": 4,
          "column": 20
        },
        "end": {
          "line": 4,
          "column": 33
        }
      },
      "4": {
        "start": {
          "line": 6,
          "column": 23
        },
        "end": {
          "line": 11,
          "column": 1
        }
      }
    },
    "fnMap": {},
    "branchMap": {},
    "s": {
      "0": 53,
      "1": 53,
      "2": 53,
      "3": 53,
      "4": 53
    },
    "f": {},
    "b": {},
    "_coverageSchema": "1a1c01bbd47fc00a2c39e90264f33305004495a9",
    "hash": "0da3e811cc2e423077262c669bf1427777f0197e"
  },
  "/Users/adamhomefolder/Desktop/html/lambdaSchool/labs/schematicCapture/schematic-capture-fe/src/shared/components/Components/PrivateRoute.js": {
    "path": "/Users/adamhomefolder/Desktop/html/lambdaSchool/labs/schematicCapture/schematic-capture-fe/src/shared/components/Components/PrivateRoute.js",
    "statementMap": {
      "0": {
        "start": {
          "line": 4,
          "column": 21
        },
        "end": {
          "line": 15,
          "column": 1
        }
      },
      "1": {
        "start": {
          "line": 5,
          "column": 44
        },
        "end": {
          "line": 5,
          "column": 49
        }
      },
      "2": {
        "start": {
          "line": 6,
          "column": 26
        },
        "end": {
          "line": 6,
          "column": 59
        }
      },
      "3": {
        "start": {
          "line": 10,
          "column": 2
        },
        "end": {
          "line": 14,
          "column": 4
        }
      }
    },
    "fnMap": {
      "0": {
        "name": "(anonymous_0)",
        "decl": {
          "start": {
            "line": 4,
            "column": 21
          },
          "end": {
            "line": 4,
            "column": 22
          }
        },
        "loc": {
          "start": {
            "line": 4,
            "column": 30
          },
          "end": {
            "line": 15,
            "column": 1
          }
        },
        "line": 4
      }
    },
    "branchMap": {
      "0": {
        "loc": {
          "start": {
            "line": 10,
            "column": 9
          },
          "end": {
            "line": 14,
            "column": 3
          }
        },
        "type": "cond-expr",
        "locations": [
          {
            "start": {
              "line": 11,
              "column": 4
            },
            "end": {
              "line": 11,
              "column": 45
            }
          },
          {
            "start": {
              "line": 13,
              "column": 4
            },
            "end": {
              "line": 13,
              "column": 23
            }
          }
        ],
        "line": 10
      }
    },
    "s": {
      "0": 53,
      "1": 179,
      "2": 179,
      "3": 179
    },
    "f": {
      "0": 179
    },
    "b": {
      "0": [
        179,
        0
      ]
    },
    "_coverageSchema": "1a1c01bbd47fc00a2c39e90264f33305004495a9",
    "hash": "1a99f8ae45cc44203610feb7773abc0bd8a87f67"
  },
  "/Users/adamhomefolder/Desktop/html/lambdaSchool/labs/schematicCapture/schematic-capture-fe/src/shared/assets/google-icon.js": {
    "path": "/Users/adamhomefolder/Desktop/html/lambdaSchool/labs/schematicCapture/schematic-capture-fe/src/shared/assets/google-icon.js",
    "statementMap": {
      "0": {
        "start": {
          "line": 4,
          "column": 2
        },
        "end": {
          "line": 40,
          "column": 4
        }
      }
    },
    "fnMap": {
      "0": {
        "name": "(anonymous_0)",
        "decl": {
          "start": {
            "line": 3,
            "column": 15
          },
          "end": {
            "line": 3,
            "column": 16
          }
        },
        "loc": {
          "start": {
            "line": 3,
            "column": 21
          },
          "end": {
            "line": 41,
            "column": 1
          }
        },
        "line": 3
      }
    },
    "branchMap": {},
    "s": {
      "0": 82
    },
    "f": {
      "0": 82
    },
    "b": {},
    "_coverageSchema": "1a1c01bbd47fc00a2c39e90264f33305004495a9",
    "hash": "770e00f61040fd075c485007e3f14d4049d01acd"
  },
  "/Users/adamhomefolder/Desktop/html/lambdaSchool/labs/schematicCapture/schematic-capture-fe/src/shared/utils/axiosWithAuth.js": {
    "path": "/Users/adamhomefolder/Desktop/html/lambdaSchool/labs/schematicCapture/schematic-capture-fe/src/shared/utils/axiosWithAuth.js",
    "statementMap": {
      "0": {
        "start": {
          "line": 3,
          "column": 29
        },
        "end": {
          "line": 13,
          "column": 1
        }
      },
      "1": {
        "start": {
          "line": 4,
          "column": 18
        },
        "end": {
          "line": 4,
          "column": 49
        }
      },
      "2": {
        "start": {
          "line": 5,
          "column": 19
        },
        "end": {
          "line": 5,
          "column": 97
        }
      },
      "3": {
        "start": {
          "line": 7,
          "column": 2
        },
        "end": {
          "line": 12,
          "column": 5
        }
      }
    },
    "fnMap": {
      "0": {
        "name": "(anonymous_0)",
        "decl": {
          "start": {
            "line": 3,
            "column": 29
          },
          "end": {
            "line": 3,
            "column": 30
          }
        },
        "loc": {
          "start": {
            "line": 3,
            "column": 35
          },
          "end": {
            "line": 13,
            "column": 1
          }
        },
        "line": 3
      }
    },
    "branchMap": {
      "0": {
        "loc": {
          "start": {
            "line": 5,
            "column": 19
          },
          "end": {
            "line": 5,
            "column": 97
          }
        },
        "type": "binary-expr",
        "locations": [
          {
            "start": {
              "line": 5,
              "column": 19
            },
            "end": {
              "line": 5,
              "column": 49
            }
          },
          {
            "start": {
              "line": 5,
              "column": 53
            },
            "end": {
              "line": 5,
              "column": 97
            }
          }
        ],
        "line": 5
      }
    },
    "s": {
      "0": 53,
      "1": 96,
      "2": 96,
      "3": 96
    },
    "f": {
      "0": 96
    },
    "b": {
      "0": [
        96,
        96
      ]
    },
    "_coverageSchema": "1a1c01bbd47fc00a2c39e90264f33305004495a9",
    "hash": "d82444548c0b69b6c9cb01ea7f4101f8b661eccd"
  },
  "/Users/adamhomefolder/Desktop/html/lambdaSchool/labs/schematicCapture/schematic-capture-fe/src/shared/utils/firebase.js": {
    "path": "/Users/adamhomefolder/Desktop/html/lambdaSchool/labs/schematicCapture/schematic-capture-fe/src/shared/utils/firebase.js",
    "statementMap": {
      "0": {
        "start": {
          "line": 3,
          "column": 0
        },
        "end": {
          "line": 12,
          "column": 3
        }
      },
      "1": {
        "start": {
          "line": 14,
          "column": 30
        },
        "end": {
          "line": 14,
          "column": 68
        }
      }
    },
    "fnMap": {},
    "branchMap": {},
    "s": {
      "0": 53,
      "1": 53
    },
    "f": {},
    "b": {},
    "_coverageSchema": "1a1c01bbd47fc00a2c39e90264f33305004495a9",
    "hash": "c190161f263aeb8f455ac56eb30d74a71485bf86"
  },
  "/Users/adamhomefolder/Desktop/html/lambdaSchool/labs/schematicCapture/schematic-capture-fe/src/shared/actions/authActions.js": {
    "path": "/Users/adamhomefolder/Desktop/html/lambdaSchool/labs/schematicCapture/schematic-capture-fe/src/shared/actions/authActions.js",
    "statementMap": {
      "0": {
        "start": {
          "line": 5,
          "column": 31
        },
        "end": {
          "line": 5,
          "column": 55
        }
      },
      "1": {
        "start": {
          "line": 6,
          "column": 32
        },
        "end": {
          "line": 6,
          "column": 57
        }
      },
      "2": {
        "start": {
          "line": 7,
          "column": 22
        },
        "end": {
          "line": 7,
          "column": 37
        }
      },
      "3": {
        "start": {
          "line": 8,
          "column": 26
        },
        "end": {
          "line": 8,
          "column": 45
        }
      },
      "4": {
        "start": {
          "line": 9,
          "column": 23
        },
        "end": {
          "line": 9,
          "column": 39
        }
      },
      "5": {
        "start": {
          "line": 11,
          "column": 53
        },
        "end": {
          "line": 11,
          "column": 63
        }
      },
      "6": {
        "start": {
          "line": 13,
          "column": 26
        },
        "end": {
          "line": 44,
          "column": 1
        }
      },
      "7": {
        "start": {
          "line": 13,
          "column": 45
        },
        "end": {
          "line": 44,
          "column": 1
        }
      },
      "8": {
        "start": {
          "line": 14,
          "column": 2
        },
        "end": {
          "line": 14,
          "column": 34
        }
      },
      "9": {
        "start": {
          "line": 17,
          "column": 42
        },
        "end": {
          "line": 17,
          "column": 46
        }
      },
      "10": {
        "start": {
          "line": 18,
          "column": 2
        },
        "end": {
          "line": 43,
          "column": 75
        }
      },
      "11": {
        "start": {
          "line": 22,
          "column": 6
        },
        "end": {
          "line": 22,
          "column": 36
        }
      },
      "12": {
        "start": {
          "line": 25,
          "column": 6
        },
        "end": {
          "line": 25,
          "column": 47
        }
      },
      "13": {
        "start": {
          "line": 26,
          "column": 6
        },
        "end": {
          "line": 41,
          "column": 11
        }
      },
      "14": {
        "start": {
          "line": 29,
          "column": 23
        },
        "end": {
          "line": 29,
          "column": 31
        }
      },
      "15": {
        "start": {
          "line": 32,
          "column": 10
        },
        "end": {
          "line": 32,
          "column": 61
        }
      },
      "16": {
        "start": {
          "line": 34,
          "column": 10
        },
        "end": {
          "line": 34,
          "column": 47
        }
      },
      "17": {
        "start": {
          "line": 35,
          "column": 10
        },
        "end": {
          "line": 35,
          "column": 68
        }
      },
      "18": {
        "start": {
          "line": 36,
          "column": 10
        },
        "end": {
          "line": 36,
          "column": 37
        }
      },
      "19": {
        "start": {
          "line": 39,
          "column": 10
        },
        "end": {
          "line": 39,
          "column": 53
        }
      },
      "20": {
        "start": {
          "line": 40,
          "column": 10
        },
        "end": {
          "line": 40,
          "column": 64
        }
      },
      "21": {
        "start": {
          "line": 43,
          "column": 20
        },
        "end": {
          "line": 43,
          "column": 73
        }
      },
      "22": {
        "start": {
          "line": 46,
          "column": 19
        },
        "end": {
          "line": 74,
          "column": 1
        }
      },
      "23": {
        "start": {
          "line": 46,
          "column": 38
        },
        "end": {
          "line": 74,
          "column": 1
        }
      },
      "24": {
        "start": {
          "line": 47,
          "column": 2
        },
        "end": {
          "line": 47,
          "column": 34
        }
      },
      "25": {
        "start": {
          "line": 49,
          "column": 30
        },
        "end": {
          "line": 49,
          "column": 34
        }
      },
      "26": {
        "start": {
          "line": 51,
          "column": 2
        },
        "end": {
          "line": 73,
          "column": 75
        }
      },
      "27": {
        "start": {
          "line": 55,
          "column": 6
        },
        "end": {
          "line": 55,
          "column": 36
        }
      },
      "28": {
        "start": {
          "line": 58,
          "column": 6
        },
        "end": {
          "line": 58,
          "column": 47
        }
      },
      "29": {
        "start": {
          "line": 59,
          "column": 6
        },
        "end": {
          "line": 71,
          "column": 79
        }
      },
      "30": {
        "start": {
          "line": 62,
          "column": 23
        },
        "end": {
          "line": 62,
          "column": 31
        }
      },
      "31": {
        "start": {
          "line": 65,
          "column": 10
        },
        "end": {
          "line": 65,
          "column": 61
        }
      },
      "32": {
        "start": {
          "line": 67,
          "column": 10
        },
        "end": {
          "line": 67,
          "column": 47
        }
      },
      "33": {
        "start": {
          "line": 68,
          "column": 10
        },
        "end": {
          "line": 68,
          "column": 59
        }
      },
      "34": {
        "start": {
          "line": 69,
          "column": 10
        },
        "end": {
          "line": 69,
          "column": 37
        }
      },
      "35": {
        "start": {
          "line": 71,
          "column": 24
        },
        "end": {
          "line": 71,
          "column": 77
        }
      },
      "36": {
        "start": {
          "line": 73,
          "column": 20
        },
        "end": {
          "line": 73,
          "column": 73
        }
      },
      "37": {
        "start": {
          "line": 76,
          "column": 27
        },
        "end": {
          "line": 91,
          "column": 1
        }
      },
      "38": {
        "start": {
          "line": 76,
          "column": 46
        },
        "end": {
          "line": 91,
          "column": 1
        }
      },
      "39": {
        "start": {
          "line": 77,
          "column": 2
        },
        "end": {
          "line": 77,
          "column": 34
        }
      },
      "40": {
        "start": {
          "line": 78,
          "column": 2
        },
        "end": {
          "line": 90,
          "column": 75
        }
      },
      "41": {
        "start": {
          "line": 81,
          "column": 19
        },
        "end": {
          "line": 81,
          "column": 27
        }
      },
      "42": {
        "start": {
          "line": 84,
          "column": 6
        },
        "end": {
          "line": 84,
          "column": 57
        }
      },
      "43": {
        "start": {
          "line": 86,
          "column": 6
        },
        "end": {
          "line": 86,
          "column": 43
        }
      },
      "44": {
        "start": {
          "line": 87,
          "column": 6
        },
        "end": {
          "line": 87,
          "column": 64
        }
      },
      "45": {
        "start": {
          "line": 88,
          "column": 6
        },
        "end": {
          "line": 88,
          "column": 33
        }
      },
      "46": {
        "start": {
          "line": 90,
          "column": 20
        },
        "end": {
          "line": 90,
          "column": 73
        }
      },
      "47": {
        "start": {
          "line": 93,
          "column": 20
        },
        "end": {
          "line": 136,
          "column": 1
        }
      },
      "48": {
        "start": {
          "line": 93,
          "column": 46
        },
        "end": {
          "line": 136,
          "column": 1
        }
      },
      "49": {
        "start": {
          "line": 94,
          "column": 2
        },
        "end": {
          "line": 94,
          "column": 34
        }
      },
      "50": {
        "start": {
          "line": 97,
          "column": 2
        },
        "end": {
          "line": 135,
          "column": 75
        }
      },
      "51": {
        "start": {
          "line": 101,
          "column": 23
        },
        "end": {
          "line": 101,
          "column": 55
        }
      },
      "52": {
        "start": {
          "line": 102,
          "column": 6
        },
        "end": {
          "line": 107,
          "column": 8
        }
      },
      "53": {
        "start": {
          "line": 109,
          "column": 6
        },
        "end": {
          "line": 109,
          "column": 36
        }
      },
      "54": {
        "start": {
          "line": 112,
          "column": 6
        },
        "end": {
          "line": 112,
          "column": 47
        }
      },
      "55": {
        "start": {
          "line": 113,
          "column": 6
        },
        "end": {
          "line": 133,
          "column": 11
        }
      },
      "56": {
        "start": {
          "line": 116,
          "column": 23
        },
        "end": {
          "line": 116,
          "column": 31
        }
      },
      "57": {
        "start": {
          "line": 117,
          "column": 10
        },
        "end": {
          "line": 117,
          "column": 47
        }
      },
      "58": {
        "start": {
          "line": 118,
          "column": 10
        },
        "end": {
          "line": 118,
          "column": 68
        }
      },
      "59": {
        "start": {
          "line": 119,
          "column": 10
        },
        "end": {
          "line": 119,
          "column": 37
        }
      },
      "60": {
        "start": {
          "line": 128,
          "column": 10
        },
        "end": {
          "line": 128,
          "column": 47
        }
      },
      "61": {
        "start": {
          "line": 129,
          "column": 10
        },
        "end": {
          "line": 132,
          "column": 11
        }
      },
      "62": {
        "start": {
          "line": 130,
          "column": 12
        },
        "end": {
          "line": 130,
          "column": 71
        }
      },
      "63": {
        "start": {
          "line": 131,
          "column": 12
        },
        "end": {
          "line": 131,
          "column": 59
        }
      },
      "64": {
        "start": {
          "line": 135,
          "column": 20
        },
        "end": {
          "line": 135,
          "column": 73
        }
      },
      "65": {
        "start": {
          "line": 138,
          "column": 23
        },
        "end": {
          "line": 152,
          "column": 1
        }
      },
      "66": {
        "start": {
          "line": 138,
          "column": 42
        },
        "end": {
          "line": 152,
          "column": 1
        }
      },
      "67": {
        "start": {
          "line": 139,
          "column": 2
        },
        "end": {
          "line": 139,
          "column": 34
        }
      },
      "68": {
        "start": {
          "line": 141,
          "column": 2
        },
        "end": {
          "line": 151,
          "column": 7
        }
      },
      "69": {
        "start": {
          "line": 144,
          "column": 6
        },
        "end": {
          "line": 144,
          "column": 36
        }
      },
      "70": {
        "start": {
          "line": 145,
          "column": 6
        },
        "end": {
          "line": 145,
          "column": 43
        }
      },
      "71": {
        "start": {
          "line": 146,
          "column": 6
        },
        "end": {
          "line": 146,
          "column": 75
        }
      },
      "72": {
        "start": {
          "line": 147,
          "column": 6
        },
        "end": {
          "line": 147,
          "column": 24
        }
      },
      "73": {
        "start": {
          "line": 150,
          "column": 6
        },
        "end": {
          "line": 150,
          "column": 60
        }
      },
      "74": {
        "start": {
          "line": 154,
          "column": 19
        },
        "end": {
          "line": 173,
          "column": 1
        }
      },
      "75": {
        "start": {
          "line": 154,
          "column": 38
        },
        "end": {
          "line": 173,
          "column": 1
        }
      },
      "76": {
        "start": {
          "line": 155,
          "column": 2
        },
        "end": {
          "line": 155,
          "column": 34
        }
      },
      "77": {
        "start": {
          "line": 156,
          "column": 2
        },
        "end": {
          "line": 156,
          "column": 20
        }
      },
      "78": {
        "start": {
          "line": 158,
          "column": 2
        },
        "end": {
          "line": 172,
          "column": 7
        }
      },
      "79": {
        "start": {
          "line": 165,
          "column": 6
        },
        "end": {
          "line": 165,
          "column": 33
        }
      },
      "80": {
        "start": {
          "line": 166,
          "column": 6
        },
        "end": {
          "line": 166,
          "column": 43
        }
      },
      "81": {
        "start": {
          "line": 167,
          "column": 6
        },
        "end": {
          "line": 167,
          "column": 60
        }
      },
      "82": {
        "start": {
          "line": 168,
          "column": 6
        },
        "end": {
          "line": 168,
          "column": 33
        }
      },
      "83": {
        "start": {
          "line": 171,
          "column": 6
        },
        "end": {
          "line": 171,
          "column": 60
        }
      },
      "84": {
        "start": {
          "line": 175,
          "column": 23
        },
        "end": {
          "line": 180,
          "column": 1
        }
      },
      "85": {
        "start": {
          "line": 182,
          "column": 27
        },
        "end": {
          "line": 189,
          "column": 1
        }
      }
    },
    "fnMap": {
      "0": {
        "name": "(anonymous_0)",
        "decl": {
          "start": {
            "line": 13,
            "column": 26
          },
          "end": {
            "line": 13,
            "column": 27
          }
        },
        "loc": {
          "start": {
            "line": 13,
            "column": 45
          },
          "end": {
            "line": 44,
            "column": 1
          }
        },
        "line": 13
      },
      "1": {
        "name": "(anonymous_1)",
        "decl": {
          "start": {
            "line": 13,
            "column": 45
          },
          "end": {
            "line": 13,
            "column": 46
          }
        },
        "loc": {
          "start": {
            "line": 13,
            "column": 57
          },
          "end": {
            "line": 44,
            "column": 1
          }
        },
        "line": 13
      },
      "2": {
        "name": "(anonymous_2)",
        "decl": {
          "start": {
            "line": 21,
            "column": 10
          },
          "end": {
            "line": 21,
            "column": 11
          }
        },
        "loc": {
          "start": {
            "line": 21,
            "column": 18
          },
          "end": {
            "line": 23,
            "column": 5
          }
        },
        "line": 21
      },
      "3": {
        "name": "(anonymous_3)",
        "decl": {
          "start": {
            "line": 24,
            "column": 10
          },
          "end": {
            "line": 24,
            "column": 11
          }
        },
        "loc": {
          "start": {
            "line": 24,
            "column": 21
          },
          "end": {
            "line": 42,
            "column": 5
          }
        },
        "line": 24
      },
      "4": {
        "name": "(anonymous_4)",
        "decl": {
          "start": {
            "line": 28,
            "column": 14
          },
          "end": {
            "line": 28,
            "column": 15
          }
        },
        "loc": {
          "start": {
            "line": 28,
            "column": 21
          },
          "end": {
            "line": 37,
            "column": 9
          }
        },
        "line": 28
      },
      "5": {
        "name": "(anonymous_5)",
        "decl": {
          "start": {
            "line": 38,
            "column": 15
          },
          "end": {
            "line": 38,
            "column": 16
          }
        },
        "loc": {
          "start": {
            "line": 38,
            "column": 30
          },
          "end": {
            "line": 41,
            "column": 9
          }
        },
        "line": 38
      },
      "6": {
        "name": "(anonymous_6)",
        "decl": {
          "start": {
            "line": 43,
            "column": 11
          },
          "end": {
            "line": 43,
            "column": 12
          }
        },
        "loc": {
          "start": {
            "line": 43,
            "column": 20
          },
          "end": {
            "line": 43,
            "column": 73
          }
        },
        "line": 43
      },
      "7": {
        "name": "(anonymous_7)",
        "decl": {
          "start": {
            "line": 46,
            "column": 19
          },
          "end": {
            "line": 46,
            "column": 20
          }
        },
        "loc": {
          "start": {
            "line": 46,
            "column": 38
          },
          "end": {
            "line": 74,
            "column": 1
          }
        },
        "line": 46
      },
      "8": {
        "name": "(anonymous_8)",
        "decl": {
          "start": {
            "line": 46,
            "column": 38
          },
          "end": {
            "line": 46,
            "column": 39
          }
        },
        "loc": {
          "start": {
            "line": 46,
            "column": 50
          },
          "end": {
            "line": 74,
            "column": 1
          }
        },
        "line": 46
      },
      "9": {
        "name": "(anonymous_9)",
        "decl": {
          "start": {
            "line": 54,
            "column": 10
          },
          "end": {
            "line": 54,
            "column": 11
          }
        },
        "loc": {
          "start": {
            "line": 54,
            "column": 18
          },
          "end": {
            "line": 56,
            "column": 5
          }
        },
        "line": 54
      },
      "10": {
        "name": "(anonymous_10)",
        "decl": {
          "start": {
            "line": 57,
            "column": 10
          },
          "end": {
            "line": 57,
            "column": 11
          }
        },
        "loc": {
          "start": {
            "line": 57,
            "column": 21
          },
          "end": {
            "line": 72,
            "column": 5
          }
        },
        "line": 57
      },
      "11": {
        "name": "(anonymous_11)",
        "decl": {
          "start": {
            "line": 61,
            "column": 14
          },
          "end": {
            "line": 61,
            "column": 15
          }
        },
        "loc": {
          "start": {
            "line": 61,
            "column": 21
          },
          "end": {
            "line": 70,
            "column": 9
          }
        },
        "line": 61
      },
      "12": {
        "name": "(anonymous_12)",
        "decl": {
          "start": {
            "line": 71,
            "column": 15
          },
          "end": {
            "line": 71,
            "column": 16
          }
        },
        "loc": {
          "start": {
            "line": 71,
            "column": 24
          },
          "end": {
            "line": 71,
            "column": 77
          }
        },
        "line": 71
      },
      "13": {
        "name": "(anonymous_13)",
        "decl": {
          "start": {
            "line": 73,
            "column": 11
          },
          "end": {
            "line": 73,
            "column": 12
          }
        },
        "loc": {
          "start": {
            "line": 73,
            "column": 20
          },
          "end": {
            "line": 73,
            "column": 73
          }
        },
        "line": 73
      },
      "14": {
        "name": "(anonymous_14)",
        "decl": {
          "start": {
            "line": 76,
            "column": 27
          },
          "end": {
            "line": 76,
            "column": 28
          }
        },
        "loc": {
          "start": {
            "line": 76,
            "column": 46
          },
          "end": {
            "line": 91,
            "column": 1
          }
        },
        "line": 76
      },
      "15": {
        "name": "(anonymous_15)",
        "decl": {
          "start": {
            "line": 76,
            "column": 46
          },
          "end": {
            "line": 76,
            "column": 47
          }
        },
        "loc": {
          "start": {
            "line": 76,
            "column": 58
          },
          "end": {
            "line": 91,
            "column": 1
          }
        },
        "line": 76
      },
      "16": {
        "name": "(anonymous_16)",
        "decl": {
          "start": {
            "line": 80,
            "column": 10
          },
          "end": {
            "line": 80,
            "column": 11
          }
        },
        "loc": {
[...]
              "line": 18,
              "column": 8
            }
          },
          {
            "start": {
              "line": 19,
              "column": 4
            },
            "end": {
              "line": 19,
              "column": 32
            }
          },
          {
            "start": {
              "line": 20,
              "column": 4
            },
            "end": {
              "line": 25,
              "column": 8
            }
          },
          {
            "start": {
              "line": 26,
              "column": 4
            },
            "end": {
              "line": 27,
              "column": 19
            }
          }
        ],
        "line": 13
      }
    },
    "s": {
      "0": 53,
      "1": 53,
      "2": 53,
      "3": 475,
      "4": 0,
      "5": 13,
      "6": 462
    },
    "f": {
      "0": 475
    },
    "b": {
      "0": [
        53,
        33
      ],
      "1": [
        159
      ],
      "2": [
        0,
        0,
        13,
        462
      ]
    },
    "_coverageSchema": "1a1c01bbd47fc00a2c39e90264f33305004495a9",
    "hash": "4655328395e38e938274a89ef502e591832eac72"
  },
  "/Users/adamhomefolder/Desktop/html/lambdaSchool/labs/schematicCapture/schematic-capture-fe/src/shared/reducers/appReducer.js": {
    "path": "/Users/adamhomefolder/Desktop/html/lambdaSchool/labs/schematicCapture/schematic-capture-fe/src/shared/reducers/appReducer.js",
    "statementMap": {
      "0": {
        "start": {
          "line": 3,
          "column": 66
        },
        "end": {
          "line": 3,
          "column": 73
        }
      },
      "1": {
        "start": {
          "line": 5,
          "column": 18
        },
        "end": {
          "line": 8,
          "column": 1
        }
      },
      "2": {
        "start": {
          "line": 10,
          "column": 19
        },
        "end": {
          "line": 37,
          "column": 1
        }
      },
      "3": {
        "start": {
          "line": 11,
          "column": 2
        },
        "end": {
          "line": 36,
          "column": 3
        }
      },
      "4": {
        "start": {
          "line": 13,
          "column": 6
        },
        "end": {
          "line": 16,
          "column": 8
        }
      },
      "5": {
        "start": {
          "line": 18,
          "column": 6
        },
        "end": {
          "line": 22,
          "column": 8
        }
      },
      "6": {
        "start": {
          "line": 24,
          "column": 6
        },
        "end": {
          "line": 28,
          "column": 8
        }
      },
      "7": {
        "start": {
          "line": 30,
          "column": 6
        },
        "end": {
          "line": 33,
          "column": 7
        }
      },
      "8": {
        "start": {
          "line": 35,
          "column": 6
        },
        "end": {
          "line": 35,
          "column": 19
        }
      }
    },
    "fnMap": {
      "0": {
        "name": "(anonymous_0)",
        "decl": {
          "start": {
            "line": 10,
            "column": 19
          },
          "end": {
            "line": 10,
            "column": 20
          }
        },
        "loc": {
          "start": {
            "line": 10,
            "column": 50
          },
          "end": {
            "line": 37,
            "column": 1
          }
        },
        "line": 10
      }
    },
    "branchMap": {
      "0": {
        "loc": {
          "start": {
            "line": 10,
            "column": 20
          },
          "end": {
            "line": 10,
            "column": 37
          }
        },
        "type": "default-arg",
        "locations": [
          {
            "start": {
              "line": 10,
              "column": 28
            },
            "end": {
              "line": 10,
              "column": 37
            }
          }
        ],
        "line": 10
      },
      "1": {
        "loc": {
          "start": {
            "line": 11,
            "column": 2
          },
          "end": {
            "line": 36,
            "column": 3
          }
        },
        "type": "switch",
        "locations": [
          {
            "start": {
              "line": 12,
              "column": 4
            },
            "end": {
              "line": 16,
              "column": 8
            }
          },
          {
            "start": {
              "line": 17,
              "column": 4
            },
            "end": {
              "line": 22,
              "column": 8
            }
          },
          {
            "start": {
              "line": 23,
              "column": 4
            },
            "end": {
              "line": 28,
              "column": 8
            }
          },
          {
            "start": {
              "line": 29,
              "column": 4
            },
            "end": {
              "line": 33,
              "column": 7
            }
          },
          {
            "start": {
              "line": 34,
              "column": 4
            },
            "end": {
              "line": 35,
              "column": 19
            }
          }
        ],
        "line": 11
      }
    },
    "s": {
      "0": 53,
      "1": 53,
      "2": 53,
      "3": 475,
      "4": 99,
      "5": 71,
      "6": 0,
      "7": 0,
      "8": 305
    },
    "f": {
      "0": 475
    },
    "b": {
      "0": [
        159
      ],
      "1": [
        99,
        71,
        0,
        0,
        305
      ]
    },
    "_coverageSchema": "1a1c01bbd47fc00a2c39e90264f33305004495a9",
    "hash": "55b32fa16392cd91ab016457fafa4ad15f0852e0"
  },
  "/Users/adamhomefolder/Desktop/html/lambdaSchool/labs/schematicCapture/schematic-capture-fe/src/shared/reducers/dashboardReducer.js": {
    "path": "/Users/adamhomefolder/Desktop/html/lambdaSchool/labs/schematicCapture/schematic-capture-fe/src/shared/reducers/dashboardReducer.js",
    "statementMap": {
      "0": {
        "start": {
          "line": 11,
          "column": 4
        },
        "end": {
          "line": 11,
          "column": 11
        }
      },
      "1": {
        "start": {
          "line": 13,
          "column": 18
        },
        "end": {
          "line": 20,
          "column": 1
        }
      },
      "2": {
        "start": {
          "line": 22,
          "column": 25
        },
        "end": {
          "line": 67,
          "column": 1
        }
      },
      "3": {
        "start": {
          "line": 23,
          "column": 2
        },
        "end": {
          "line": 66,
          "column": 3
        }
      },
      "4": {
        "start": {
          "line": 25,
          "column": 6
        },
        "end": {
          "line": 28,
          "column": 8
        }
      },
      "5": {
        "start": {
          "line": 30,
          "column": 6
        },
        "end": {
          "line": 33,
          "column": 8
        }
      },
      "6": {
        "start": {
          "line": 35,
          "column": 6
        },
        "end": {
          "line": 38,
          "column": 8
        }
      },
      "7": {
        "start": {
          "line": 40,
          "column": 6
        },
        "end": {
          "line": 43,
          "column": 8
        }
      },
      "8": {
        "start": {
          "line": 45,
          "column": 6
        },
        "end": {
          "line": 45,
          "column": 44
        }
      },
      "9": {
        "start": {
          "line": 46,
          "column": 6
        },
        "end": {
          "line": 46,
          "column": 34
        }
      },
      "10": {
        "start": {
          "line": 47,
          "column": 6
        },
        "end": {
          "line": 53,
          "column": 8
        }
      },
      "11": {
        "start": {
          "line": 55,
          "column": 6
        },
        "end": {
          "line": 58,
          "column": 8
        }
      },
      "12": {
        "start": {
          "line": 60,
          "column": 6
        },
        "end": {
          "line": 63,
          "column": 8
        }
      },
      "13": {
        "start": {
          "line": 65,
          "column": 6
        },
        "end": {
          "line": 65,
          "column": 19
        }
      }
    },
    "fnMap": {
      "0": {
        "name": "(anonymous_0)",
        "decl": {
          "start": {
            "line": 22,
            "column": 25
          },
          "end": {
            "line": 22,
            "column": 26
          }
        },
        "loc": {
          "start": {
            "line": 22,
            "column": 56
          },
          "end": {
            "line": 67,
            "column": 1
          }
        },
        "line": 22
      }
    },
    "branchMap": {
      "0": {
        "loc": {
          "start": {
            "line": 22,
            "column": 26
          },
          "end": {
            "line": 22,
            "column": 43
          }
        },
        "type": "default-arg",
        "locations": [
          {
            "start": {
              "line": 22,
              "column": 34
            },
            "end": {
              "line": 22,
              "column": 43
            }
          }
        ],
        "line": 22
      },
      "1": {
        "loc": {
          "start": {
            "line": 23,
            "column": 2
          },
          "end": {
            "line": 66,
            "column": 3
          }
        },
        "type": "switch",
        "locations": [
          {
            "start": {
              "line": 24,
              "column": 4
            },
            "end": {
              "line": 28,
              "column": 8
            }
          },
          {
            "start": {
              "line": 29,
              "column": 4
            },
            "end": {
              "line": 33,
              "column": 8
            }
          },
          {
            "start": {
              "line": 34,
              "column": 4
            },
            "end": {
              "line": 38,
              "column": 8
            }
          },
          {
            "start": {
              "line": 39,
              "column": 4
            },
            "end": {
              "line": 43,
              "column": 8
            }
          },
          {
            "start": {
              "line": 44,
              "column": 4
            },
            "end": {
              "line": 53,
              "column": 8
            }
          },
          {
            "start": {
              "line": 54,
              "column": 4
            },
            "end": {
              "line": 58,
              "column": 8
            }
          },
          {
            "start": {
              "line": 59,
              "column": 4
            },
            "end": {
              "line": 63,
              "column": 8
            }
          },
          {
            "start": {
              "line": 64,
              "column": 4
            },
            "end": {
              "line": 65,
              "column": 19
            }
          }
        ],
        "line": 23
      }
    },
    "s": {
      "0": 53,
      "1": 53,
      "2": 53,
      "3": 475,
      "4": 19,
      "5": 34,
      "6": 62,
      "7": 6,
      "8": 0,
      "9": 0,
      "10": 0,
      "11": 10,
      "12": 2,
      "13": 342
    },
    "f": {
      "0": 475
    },
    "b": {
      "0": [
        139
      ],
      "1": [
        19,
        34,
        62,
        6,
        0,
        10,
        2,
        342
      ]
    },
    "_coverageSchema": "1a1c01bbd47fc00a2c39e90264f33305004495a9",
    "hash": "e6dfc3f7b18687d251e7adc0c836b4cc191777de"
  },
  "/Users/adamhomefolder/Desktop/html/lambdaSchool/labs/schematicCapture/schematic-capture-fe/src/shared/reducers/rootReducer.js": {
    "path": "/Users/adamhomefolder/Desktop/html/lambdaSchool/labs/schematicCapture/schematic-capture-fe/src/shared/reducers/rootReducer.js",
    "statementMap": {
      "0": {
        "start": {
          "line": 6,
          "column": 20
        },
        "end": {
          "line": 10,
          "column": 2
        }
      }
    },
    "fnMap": {},
    "branchMap": {},
    "s": {
      "0": 53
    },
    "f": {},
    "b": {},
    "_coverageSchema": "1a1c01bbd47fc00a2c39e90264f33305004495a9",
    "hash": "7c3b58d5e080a032425e05ab821fb00eaef401c7"
  },
  "/Users/adamhomefolder/Desktop/html/lambdaSchool/labs/schematicCapture/schematic-capture-fe/src/shared/utils/localStorage.js": {
    "path": "/Users/adamhomefolder/Desktop/html/lambdaSchool/labs/schematicCapture/schematic-capture-fe/src/shared/utils/localStorage.js",
    "statementMap": {
      "0": {
        "start": {
          "line": 3,
          "column": 25
        },
        "end": {
          "line": 15,
          "column": 1
        }
      },
      "1": {
        "start": {
          "line": 4,
          "column": 11
        },
        "end": {
          "line": 13,
          "column": 3
        }
      },
      "2": {
        "start": {
          "line": 4,
          "column": 19
        },
        "end": {
          "line": 13,
          "column": 3
        }
      },
      "3": {
        "start": {
          "line": 5,
          "column": 26
        },
        "end": {
          "line": 5,
          "column": 42
        }
      },
      "4": {
        "start": {
          "line": 6,
          "column": 23
        },
        "end": {
          "line": 6,
          "column": 48
        }
      },
      "5": {
        "start": {
          "line": 8,
          "column": 4
        },
        "end": {
          "line": 10,
          "column": 22
        }
      },
      "6": {
        "start": {
          "line": 9,
          "column": 6
        },
        "end": {
          "line": 9,
          "column": 48
        }
      },
      "7": {
        "start": {
          "line": 12,
          "column": 4
        },
        "end": {
          "line": 12,
          "column": 17
        }
      },
      "8": {
        "start": {
          "line": 17,
          "column": 25
        },
        "end": {
          "line": 28,
          "column": 1
        }
      },
      "9": {
        "start": {
          "line": 18,
          "column": 2
        },
        "end": {
          "line": 27,
          "column": 3
        }
      },
      "10": {
        "start": {
          "line": 19,
          "column": 18
        },
        "end": {
          "line": 19,
          "column": 47
        }
      },
      "11": {
        "start": {
          "line": 20,
          "column": 4
        },
        "end": {
          "line": 22,
          "column": 5
        }
      },
      "12": {
        "start": {
          "line": 21,
          "column": 6
        },
        "end": {
          "line": 21,
          "column": 23
        }
      },
      "13": {
        "start": {
          "line": 23,
          "column": 22
        },
        "end": {
          "line": 23,
          "column": 39
        }
      },
      "14": {
        "start": {
          "line": 24,
          "column": 4
        },
        "end": {
          "line": 24,
          "column": 25
        }
      },
      "15": {
        "start": {
          "line": 26,
          "column": 4
        },
        "end": {
          "line": 26,
          "column": 21
        }
      }
    },
    "fnMap": {
      "0": {
        "name": "(anonymous_0)",
        "decl": {
          "start": {
            "line": 4,
            "column": 2
          },
          "end": {
            "line": 4,
            "column": 3
          }
        },
        "loc": {
          "start": {
            "line": 4,
            "column": 11
          },
          "end": {
            "line": 13,
            "column": 3
          }
        },
        "line": 4
      },
      "1": {
        "name": "(anonymous_1)",
        "decl": {
          "start": {
            "line": 4,
            "column": 11
          },
          "end": {
            "line": 4,
            "column": 12
          }
        },
        "loc": {
          "start": {
            "line": 4,
            "column": 19
          },
          "end": {
            "line": 13,
            "column": 3
          }
        },
        "line": 4
      },
      "2": {
        "name": "(anonymous_2)",
        "decl": {
          "start": {
            "line": 4,
            "column": 19
          },
          "end": {
            "line": 4,
            "column": 20
          }
        },
        "loc": {
          "start": {
            "line": 4,
            "column": 29
          },
          "end": {
            "line": 13,
            "column": 3
          }
        },
        "line": 4
      },
      "3": {
        "name": "(anonymous_3)",
        "decl": {
          "start": {
            "line": 17,
            "column": 25
          },
          "end": {
            "line": 17,
            "column": 26
          }
        },
        "loc": {
          "start": {
            "line": 17,
            "column": 31
          },
          "end": {
            "line": 28,
            "column": 1
          }
        },
        "line": 17
      }
    },
    "branchMap": {
      "0": {
        "loc": {
          "start": {
            "line": 20,
            "column": 4
          },
          "end": {
            "line": 22,
            "column": 5
          }
        },
        "type": "if",
        "locations": [
          {
            "start": {
              "line": 20,
              "column": 4
            },
            "end": {
              "line": 22,
              "column": 5
            }
          },
          {
            "start": {
              "line": 20,
              "column": 4
            },
            "end": {
              "line": 22,
              "column": 5
            }
          }
        ],
        "line": 20
      }
    },
    "s": {
      "0": 53,
      "1": 53,
      "2": 53,
      "3": 316,
      "4": 316,
      "5": 316,
      "6": 316,
      "7": 316,
      "8": 53,
      "9": 53,
      "10": 53,
      "11": 53,
      "12": 33,
      "13": 20,
      "14": 20,
      "15": 0
    },
    "f": {
      "0": 53,
      "1": 53,
      "2": 316,
      "3": 53
    },
    "b": {
      "0": [
        33,
        20
      ]
    },
    "_coverageSchema": "1a1c01bbd47fc00a2c39e90264f33305004495a9",
    "hash": "0bdee339fe9f2a543754e5af9e1dfc69d47853d3"
  },
  "/Users/adamhomefolder/Desktop/html/lambdaSchool/labs/schematicCapture/schematic-capture-fe/src/index.js": {
    "path": "/Users/adamhomefolder/Desktop/html/lambdaSchool/labs/schematicCapture/schematic-capture-fe/src/index.js",
    "statementMap": {
      "0": {
        "start": {
          "line": 16,
          "column": 0
        },
        "end": {
          "line": 18,
          "column": 2
        }
      },
      "1": {
        "start": {
          "line": 20,
          "column": 23
        },
        "end": {
          "line": 20,
          "column": 34
        }
      },
      "2": {
        "start": {
          "line": 22,
          "column": 14
        },
        "end": {
          "line": 26,
          "column": 1
        }
      },
      "3": {
        "start": {
          "line": 28,
          "column": 0
        },
        "end": {
          "line": 33,
          "column": 1
        }
      },
      "4": {
        "start": {
          "line": 34,
          "column": 0
        },
        "end": {
          "line": 34,
          "column": 24
        }
      }
    },
    "fnMap": {},
    "branchMap": {},
    "s": {
      "0": 53,
      "1": 53,
      "2": 53,
      "3": 53,
      "4": 53
    },
    "f": {},
    "b": {},
    "_coverageSchema": "1a1c01bbd47fc00a2c39e90264f33305004495a9",
    "hash": "2e4ef38ac0a106a0138706fedb62c3d6d8ecc3ff"
  }
}